"../../../Engine/Content/Functions/Engine_MaterialFunctions01/Shading/PowerToRoughness.uasset" 0
"../../../Engine/Content/Functions/Engine_MaterialFunctions01/Shading/PowerToRoughness.uexp" 1
"../../../Engine/Content/Functions/Engine_MaterialFunctions01/Shading/ConvertFromDiffSpec.uasset" 2
"../../../Engine/Content/Functions/Engine_MaterialFunctions01/Shading/ConvertFromDiffSpec.uexp" 3
"../../../Engine/Content/EngineSounds/Master.uasset" 4
"../../../Engine/Content/EngineSounds/Master.uexp" 5
"../../../Engine/Content/EngineSky/VolumetricClouds/CloudWeatherTexture.uasset" 6
"../../../Engine/Content/EngineSky/VolumetricClouds/CloudWeatherTexture.uexp" 7
"../../../Engine/Content/Functions/Engine_MaterialFunctions02/Utility/MakeFloat2.uasset" 8
"../../../Engine/Content/Functions/Engine_MaterialFunctions02/Utility/MakeFloat2.uexp" 9
"../../../Engine/Content/EngineSky/VolumetricClouds/CloudGradientTexture.uasset" 10
"../../../Engine/Content/EngineSky/VolumetricClouds/CloudGradientTexture.uexp" 11
"../../../Engine/Content/EngineSky/VolumetricClouds/T_NoiseShape64.ubulk" 12
"../../../Engine/Content/EngineSky/VolumetricClouds/T_NoiseShape64.uasset" 13
"../../../Engine/Content/EngineSky/VolumetricClouds/T_NoiseShape64.uexp" 14
"../../../Engine/Content/EngineSky/VolumetricClouds/T_VolumeNoiseShape64.uasset" 15
"../../../Engine/Content/EngineSky/VolumetricClouds/T_VolumeNoiseShape64.uexp" 16
"../../../Engine/Content/EngineSky/VolumetricClouds/T_NoiseErosion.ubulk" 17
"../../../Engine/Content/EngineSky/VolumetricClouds/T_NoiseErosion.uasset" 18
"../../../Engine/Content/EngineSky/VolumetricClouds/T_NoiseErosion.uexp" 19
"../../../Engine/Content/EngineSky/VolumetricClouds/T_VolumeNoiseErosion32.uasset" 20
"../../../Engine/Content/EngineSky/VolumetricClouds/T_VolumeNoiseErosion32.uexp" 21
"../../../Engine/Content/EngineSky/VolumetricClouds/m_SimpleVolumetricCloud.uasset" 22
"../../../Engine/Content/EngineSky/VolumetricClouds/m_SimpleVolumetricCloud.uexp" 23
"../../../Engine/Content/EngineSky/VolumetricClouds/m_SimpleVolumetricCloud_Inst.uasset" 24
"../../../Engine/Content/EngineSky/VolumetricClouds/m_SimpleVolumetricCloud_Inst.uexp" 25
"../../../Engine/Content/EngineResources/GradientTexture0.uasset" 26
"../../../Engine/Content/EngineResources/GradientTexture0.uexp" 27
"../../../Engine/Content/EngineResources/DefaultVolumeTexture2D.uasset" 28
"../../../Engine/Content/EngineResources/DefaultVolumeTexture2D.uexp" 29
"../../../Engine/Content/EngineResources/DefaultVolumeTexture.uasset" 30
"../../../Engine/Content/EngineResources/DefaultVolumeTexture.uexp" 31
"../../../Engine/Content/EngineResources/DefaultTextureCube.uasset" 32
"../../../Engine/Content/EngineResources/DefaultTextureCube.uexp" 33
"../../../Engine/Content/EngineResources/DefaultTexture.ubulk" 34
"../../../Engine/Content/EngineResources/DefaultTexture.uasset" 35
"../../../Engine/Content/EngineResources/DefaultTexture.uexp" 36
"../../../Engine/Content/EngineResources/FilmGrains/Marcie_Grain_v3_128_M2_000.uasset" 37
"../../../Engine/Content/EngineResources/FilmGrains/Marcie_Grain_v3_128_M2_000.uexp" 38
"../../../Engine/Content/EngineMeshes/Sphere.uasset" 39
"../../../Engine/Content/EngineMeshes/Sphere.uexp" 40
"../../../Engine/Content/EngineResources/WhiteSquareTexture.uasset" 41
"../../../Engine/Content/EngineResources/WhiteSquareTexture.uexp" 42
"../../../Engine/Content/EngineMaterials/Widget3DPassThrough.uasset" 43
"../../../Engine/Content/EngineMaterials/Widget3DPassThrough.uexp" 44
"../../../Engine/Content/EngineMaterials/Widget3DPassThrough_Translucent.uasset" 45
"../../../Engine/Content/EngineMaterials/Widget3DPassThrough_Translucent.uexp" 46
"../../../Engine/Content/EngineMaterials/Widget3DPassThrough_Translucent_OneSided.uasset" 47
"../../../Engine/Content/EngineMaterials/Widget3DPassThrough_Translucent_OneSided.uexp" 48
"../../../Engine/Content/EngineMaterials/Widget3DPassThrough_Opaque.uasset" 49
"../../../Engine/Content/EngineMaterials/Widget3DPassThrough_Opaque.uexp" 50
"../../../Engine/Content/EngineMaterials/Widget3DPassThrough_Opaque_OneSided.uasset" 51
"../../../Engine/Content/EngineMaterials/Widget3DPassThrough_Opaque_OneSided.uexp" 52
"../../../Engine/Content/EngineMaterials/Widget3DPassThrough_Masked_OneSided.uasset" 53
"../../../Engine/Content/EngineMaterials/Widget3DPassThrough_Masked_OneSided.uexp" 54
"../../../Engine/Content/EngineMaterials/Widget3DPassThrough_Masked.uasset" 55
"../../../Engine/Content/EngineMaterials/Widget3DPassThrough_Masked.uexp" 56
"../../../Engine/Content/EngineMaterials/WeightMapPlaceholderTexture.uasset" 57
"../../../Engine/Content/EngineMaterials/WeightMapPlaceholderTexture.uexp" 58
"../../../Engine/Content/EngineMaterials/RemoveSurfaceMaterial.uasset" 59
"../../../Engine/Content/EngineMaterials/RemoveSurfaceMaterial.uexp" 60
"../../../Engine/Content/EngineMaterials/PreintegratedSkinBRDF.uasset" 61
"../../../Engine/Content/EngineMaterials/PreintegratedSkinBRDF.uexp" 62
"../../../Engine/Content/Functions/Engine_MaterialFunctions02/WorldPositionOffset/CameraOffset.uasset" 63
"../../../Engine/Content/Functions/Engine_MaterialFunctions02/WorldPositionOffset/CameraOffset.uexp" 64
"../../../Engine/Content/EngineMaterials/PhAT_JointLimitMaterial.uasset" 65
"../../../Engine/Content/EngineMaterials/PhAT_JointLimitMaterial.uexp" 66
"../../../Engine/Content/EngineMaterials/InvalidLightmapSettings.ubulk" 67
"../../../Engine/Content/EngineMaterials/InvalidLightmapSettings.uasset" 68
"../../../Engine/Content/EngineMaterials/InvalidLightmapSettings.uexp" 69
"../../../Engine/Content/EngineMaterials/M_InvalidLightmapSettings.uasset" 70
"../../../Engine/Content/EngineMaterials/M_InvalidLightmapSettings.uexp" 71
"../../../Engine/Content/EngineMaterials/MiniFont.uasset" 72
"../../../Engine/Content/EngineMaterials/MiniFont.uexp" 73
"../../../Engine/Content/EngineMaterials/GizmoMaterial.uasset" 74
"../../../Engine/Content/EngineMaterials/GizmoMaterial.uexp" 75
"../../../Engine/Content/EngineMaterials/BaseFlattenEmissiveMap_VT.uasset" 76
"../../../Engine/Content/EngineMaterials/BaseFlattenEmissiveMap_VT.uexp" 77
"../../../Engine/Content/EngineMaterials/BaseFlattenGrayscaleMap_VT.uasset" 78
"../../../Engine/Content/EngineMaterials/BaseFlattenGrayscaleMap_VT.uexp" 79
"../../../Engine/Content/EngineMaterials/BaseFlattenLinearColor_VT.uasset" 80
"../../../Engine/Content/EngineMaterials/BaseFlattenLinearColor_VT.uexp" 81
"../../../Engine/Content/EngineMaterials/Black_1x1_EXR_Texture_VT.uasset" 82
"../../../Engine/Content/EngineMaterials/Black_1x1_EXR_Texture_VT.uexp" 83
"../../../Engine/Content/EngineMaterials/BaseFlattenDiffuseMap_VT.uasset" 84
"../../../Engine/Content/EngineMaterials/BaseFlattenDiffuseMap_VT.uexp" 85
"../../../Engine/Content/EngineMaterials/BaseFlattenNormalMap_VT.uasset" 86
"../../../Engine/Content/EngineMaterials/BaseFlattenNormalMap_VT.uexp" 87
"../../../Engine/Content/EngineMaterials/FlattenMaterial_WS_Normal_VT.uasset" 88
"../../../Engine/Content/EngineMaterials/FlattenMaterial_WS_Normal_VT.uexp" 89
"../../../Engine/Content/EngineMaterials/FlattenMaterial_VT.uasset" 90
"../../../Engine/Content/EngineMaterials/FlattenMaterial_VT.uexp" 91
"../../../Engine/Content/EngineMaterials/BaseFlattenNormalMap.uasset" 92
"../../../Engine/Content/EngineMaterials/BaseFlattenNormalMap.uexp" 93
"../../../Engine/Content/EngineMaterials/BaseFlattenGrayscaleMap.uasset" 94
"../../../Engine/Content/EngineMaterials/BaseFlattenGrayscaleMap.uexp" 95
"../../../Engine/Content/EngineMaterials/BaseFlattenDiffuseMap.uasset" 96
"../../../Engine/Content/EngineMaterials/BaseFlattenDiffuseMap.uexp" 97
"../../../Engine/Content/Functions/Engine_MaterialFunctions02/PivotPainter2/Black_1x1_EXR_Texture.uasset" 98
"../../../Engine/Content/Functions/Engine_MaterialFunctions02/PivotPainter2/Black_1x1_EXR_Texture.uexp" 99
"../../../Engine/Content/EngineMaterials/BaseFlattenEmissiveMap.uasset" 100
"../../../Engine/Content/EngineMaterials/BaseFlattenEmissiveMap.uexp" 101
"../../../Engine/Content/EngineMaterials/BaseFlattenLinearColor.uasset" 102
"../../../Engine/Content/EngineMaterials/BaseFlattenLinearColor.uexp" 103
"../../../Engine/Content/EngineMaterials/FlattenMaterial.uasset" 104
"../../../Engine/Content/EngineMaterials/FlattenMaterial.uexp" 105
"../../../Engine/Content/EngineMaterials/DefaultWhiteGrid_Low.uasset" 106
"../../../Engine/Content/EngineMaterials/DefaultWhiteGrid_Low.uexp" 107
"../../../Engine/Content/EngineMaterials/EmissiveMeshMaterial.uasset" 108
"../../../Engine/Content/EngineMaterials/EmissiveMeshMaterial.uexp" 109
"../../../Engine/Content/EngineMaterials/DefaultWhiteGrid.ubulk" 110
"../../../Engine/Content/EngineMaterials/DefaultWhiteGrid.uasset" 111
"../../../Engine/Content/EngineMaterials/DefaultWhiteGrid.uexp" 112
"../../../Engine/Content/EngineFonts/RobotoDistanceField.uasset" 113
"../../../Engine/Content/EngineFonts/RobotoDistanceField.uexp" 114
"../../../Engine/Content/EngineMaterials/DefaultTextMaterialOpaque.uasset" 115
"../../../Engine/Content/EngineMaterials/DefaultTextMaterialOpaque.uexp" 116
"../../../Engine/Content/EngineMaterials/DefaultDiffuse.ubulk" 117
"../../../Engine/Content/EngineMaterials/DefaultDiffuse.uasset" 118
"../../../Engine/Content/EngineMaterials/DefaultDiffuse.uexp" 119
"../../../Engine/Content/Functions/Engine_MaterialFunctions02/Utility/BreakOutFloat2Components.uasset" 120
"../../../Engine/Content/Functions/Engine_MaterialFunctions02/Utility/BreakOutFloat2Components.uexp" 121
"../../../Engine/Content/EngineMaterials/DefaultPostProcessMaterial.uasset" 122
"../../../Engine/Content/EngineMaterials/DefaultPostProcessMaterial.uexp" 123
"../../../Engine/Content/EngineMaterials/DefaultPhysicalMaterial.uasset" 124
"../../../Engine/Content/EngineMaterials/DefaultPhysicalMaterial.uexp" 125
"../../../Engine/Content/EngineMaterials/DefaultLightFunctionMaterial.uasset" 126
"../../../Engine/Content/EngineMaterials/DefaultLightFunctionMaterial.uexp" 127
"../../../Engine/Content/EngineMaterials/DefaultDestructiblePhysicalMaterial.uasset" 128
"../../../Engine/Content/EngineMaterials/DefaultDestructiblePhysicalMaterial.uexp" 129
"../../../Engine/Content/EngineMaterials/DefaultDeferredDecalMaterial.uasset" 130
"../../../Engine/Content/EngineMaterials/DefaultDeferredDecalMaterial.uexp" 131
"../../../Engine/Content/EngineMaterials/DefaultBokeh.uasset" 132
"../../../Engine/Content/EngineMaterials/DefaultBokeh.uexp" 133
"../../../Engine/Content/EngineMaterials/DefaultBloomKernel.uasset" 134
"../../../Engine/Content/EngineMaterials/DefaultBloomKernel.uexp" 135
"../../../Engine/Content/EngineMaterials/BlueNoise.uasset" 136
"../../../Engine/Content/EngineMaterials/BlueNoise.uexp" 137
"../../../Engine/Content/EngineFonts/Faces/RobotoLight.uexp" 138
"../../../Engine/Content/EngineFonts/Faces/RobotoLight.uasset" 139
"../../../Engine/Content/EngineFonts/Faces/RobotoLight.ufont" 140
"../../../Engine/Content/EngineFonts/Faces/RobotoBold.uexp" 141
"../../../Engine/Content/EngineFonts/Faces/RobotoBold.uasset" 142
"../../../Engine/Content/EngineFonts/Faces/RobotoBold.ufont" 143
"../../../Engine/Content/EngineFonts/Faces/RobotoRegular.uexp" 144
"../../../Engine/Content/EngineFonts/Faces/RobotoRegular.uasset" 145
"../../../Engine/Content/EngineFonts/Faces/RobotoRegular.ufont" 146
"../../../Engine/Content/EngineFonts/Faces/DroidSansFallback.uexp" 147
"../../../Engine/Content/EngineFonts/Faces/DroidSansFallback.uasset" 148
"../../../Engine/Content/EngineFonts/Faces/DroidSansFallback.ufont" 149
"../../../Engine/Content/EngineFonts/Faces/RobotoItalic.uexp" 150
"../../../Engine/Content/EngineFonts/Faces/RobotoItalic.uasset" 151
"../../../Engine/Content/EngineFonts/Faces/RobotoItalic.ufont" 152
"../../../Engine/Content/EngineFonts/Faces/RobotoBoldItalic.uexp" 153
"../../../Engine/Content/EngineFonts/Faces/RobotoBoldItalic.uasset" 154
"../../../Engine/Content/EngineFonts/Faces/RobotoBoldItalic.ufont" 155
"../../../Engine/Content/EngineFonts/Roboto.uasset" 156
"../../../Engine/Content/EngineFonts/Roboto.uexp" 157
"../../../Engine/Content/Functions/Engine_MaterialFunctions02/Utility/CameraDirectionVector.uasset" 158
"../../../Engine/Content/Functions/Engine_MaterialFunctions02/Utility/CameraDirectionVector.uexp" 159
"../../../Engine/Content/EngineDebugMaterials/VolumeToRender.uasset" 160
"../../../Engine/Content/EngineDebugMaterials/VolumeToRender.uexp" 161
"../../../Engine/Content/EngineDebugMaterials/M_VolumeRenderSphereTracePP.uasset" 162
"../../../Engine/Content/EngineDebugMaterials/M_VolumeRenderSphereTracePP.uexp" 163
"../../../Engine/Content/EngineDebugMaterials/M_SimpleUnlitTranslucent.uasset" 164
"../../../Engine/Content/EngineDebugMaterials/M_SimpleUnlitTranslucent.uexp" 165
"../../../Engine/Content/EngineDebugMaterials/DebugMeshMaterial.uasset" 166
"../../../Engine/Content/EngineDebugMaterials/DebugMeshMaterial.uexp" 167
"../../../Engine/Content/EngineDebugMaterials/DebugEditorMaterial.uasset" 168
"../../../Engine/Content/EngineDebugMaterials/DebugEditorMaterial.uexp" 169
"../../../Engine/Content/EngineDamageTypes/DmgTypeBP_Environmental.uasset" 170
"../../../Engine/Content/EngineDamageTypes/DmgTypeBP_Environmental.uexp" 171
"../../../Engine/Content/EditorResources/S_TriggerSphere.uasset" 172
"../../../Engine/Content/EditorResources/S_TriggerSphere.uexp" 173
"../../../Engine/Content/EditorResources/S_TriggerCapsule.uasset" 174
"../../../Engine/Content/EditorResources/S_TriggerCapsule.uexp" 175
"../../../Engine/Content/EditorResources/S_TriggerBox.uasset" 176
"../../../Engine/Content/EditorResources/S_TriggerBox.uexp" 177
"../../../Engine/Content/EditorResources/S_Trigger.ubulk" 178
"../../../Engine/Content/EditorResources/S_Trigger.uasset" 179
"../../../Engine/Content/EditorResources/S_Trigger.uexp" 180
"../../../Engine/Content/EditorResources/S_Terrain.ubulk" 181
"../../../Engine/Content/EditorResources/S_Terrain.uasset" 182
"../../../Engine/Content/EditorResources/S_Terrain.uexp" 183
"../../../Engine/Content/EditorResources/S_Solver.ubulk" 184
"../../../Engine/Content/EditorResources/S_Solver.uasset" 185
"../../../Engine/Content/EditorResources/S_Solver.uexp" 186
"../../../Engine/Content/EditorResources/S_BoxReflectionCapture.uasset" 187
"../../../Engine/Content/EditorResources/S_BoxReflectionCapture.uexp" 188
"../../../Engine/Content/EditorResources/S_Actor.ubulk" 189
"../../../Engine/Content/EditorResources/S_Actor.uasset" 190
"../../../Engine/Content/EditorResources/S_Actor.uexp" 191
"../../../Engine/Content/EditorResources/EmptyActor.uasset" 192
"../../../Engine/Content/EditorResources/EmptyActor.uexp" 193
"../../../Engine/Content/EditorResources/BSPVertex.uasset" 194
"../../../Engine/Content/EditorResources/BSPVertex.uexp" 195
"../../../Engine/Content/EditorResources/SequenceRecorder/RecordingIndicator.uasset" 196
"../../../Engine/Content/EditorResources/SequenceRecorder/RecordingIndicator.uexp" 197
"../../../Engine/Content/EditorResources/SequenceRecorder/Countdown.uasset" 198
"../../../Engine/Content/EditorResources/SequenceRecorder/Countdown.uexp" 199
"../../../Engine/Content/EditorResources/LightIcons/S_LightError.uasset" 200
"../../../Engine/Content/EditorResources/LightIcons/S_LightError.uexp" 201
"../../../Engine/Content/EditorResources/AudioIcons/S_AudioComponent_AutoActivate.uasset" 202
"../../../Engine/Content/EditorResources/AudioIcons/S_AudioComponent_AutoActivate.uexp" 203
"../../../Engine/Content/EditorMaterials/Camera/CineMat.uasset" 204
"../../../Engine/Content/EditorMaterials/Camera/CineMat.uexp" 205
"../../../Engine/Content/EditorMaterials/Camera/MI_CineMat_Rig.uasset" 206
"../../../Engine/Content/EditorMaterials/Camera/MI_CineMat_Rig.uexp" 207
"../../../Engine/Content/EditorMeshes/Camera/SM_RailRig_Track.uasset" 208
"../../../Engine/Content/EditorMeshes/Camera/SM_RailRig_Track.uexp" 209
"../../../Engine/Content/EditorMeshes/Camera/SM_RailRig_Mount.uasset" 210
"../../../Engine/Content/EditorMeshes/Camera/SM_RailRig_Mount.uexp" 211
"../../../Engine/Content/EditorMeshes/Camera/SM_CraneRig_Mount.uasset" 212
"../../../Engine/Content/EditorMeshes/Camera/SM_CraneRig_Mount.uexp" 213
"../../../Engine/Content/EditorMeshes/Camera/SM_CraneRig_Body.uasset" 214
"../../../Engine/Content/EditorMeshes/Camera/SM_CraneRig_Body.uexp" 215
"../../../Engine/Content/EditorMeshes/Camera/SM_CraneRig_Base.uasset" 216
"../../../Engine/Content/EditorMeshes/Camera/SM_CraneRig_Base.uexp" 217
"../../../Engine/Content/EditorMeshes/Camera/SM_CraneRig_Arm.uasset" 218
"../../../Engine/Content/EditorMeshes/Camera/SM_CraneRig_Arm.uexp" 219
"../../../Engine/Content/EditorMaterials/PreviewShadowIndicator.ubulk" 220
"../../../Engine/Content/EditorMaterials/PreviewShadowIndicator.uasset" 221
"../../../Engine/Content/EditorMaterials/PreviewShadowIndicator.uexp" 222
"../../../Engine/Content/EditorMaterials/PreviewShadowIndicatorMaterial.uasset" 223
"../../../Engine/Content/EditorMaterials/PreviewShadowIndicatorMaterial.uexp" 224
"../../../Engine/Content/EditorMaterials/MAT_Groups_Visibility.uasset" 225
"../../../Engine/Content/EditorMaterials/MAT_Groups_Visibility.uexp" 226
"../../../Engine/Content/EditorMaterials/MAT_Groups_Toggle.uasset" 227
"../../../Engine/Content/EditorMaterials/MAT_Groups_Toggle.uexp" 228
"../../../Engine/Content/Functions/Engine_MaterialFunctions02/Utility/MakeFloat4.uasset" 229
"../../../Engine/Content/Functions/Engine_MaterialFunctions02/Utility/MakeFloat4.uexp" 230
"../../../Engine/Content/Functions/Engine_MaterialFunctions02/Utility/MakeFloat3.uasset" 231
"../../../Engine/Content/Functions/Engine_MaterialFunctions02/Utility/MakeFloat3.uexp" 232
"../../../Engine/Content/Functions/Engine_MaterialFunctions02/Utility/BreakOutFloat3Components.uasset" 233
"../../../Engine/Content/Functions/Engine_MaterialFunctions02/Utility/BreakOutFloat3Components.uexp" 234
"../../../Engine/Content/EditorMaterials/WorldPartition/WorldPartitionSpatialHashGridPreviewMaterial.uasset" 235
"../../../Engine/Content/EditorMaterials/WorldPartition/WorldPartitionSpatialHashGridPreviewMaterial.uexp" 236
"../../../Engine/Content/EditorMaterials/ParticleSystems/PSysThumbnail_OOD.ubulk" 237
"../../../Engine/Content/EditorMaterials/ParticleSystems/PSysThumbnail_OOD.uasset" 238
"../../../Engine/Content/EditorMaterials/ParticleSystems/PSysThumbnail_OOD.uexp" 239
"../../../Engine/Content/EditorMaterials/ParticleSystems/PSysThumbnail_NoImage.ubulk" 240
"../../../Engine/Content/EditorMaterials/ParticleSystems/PSysThumbnail_NoImage.uasset" 241
"../../../Engine/Content/EditorMaterials/ParticleSystems/PSysThumbnail_NoImage.uexp" 242
"../../../Engine/Content/EditorMaterials/MatineeGroups/MAT_Groups_Vector.uasset" 243
"../../../Engine/Content/EditorMaterials/MatineeGroups/MAT_Groups_Vector.uexp" 244
"../../../Engine/Content/EditorMaterials/MatineeGroups/MAT_Groups_Sound.uasset" 245
"../../../Engine/Content/EditorMaterials/MatineeGroups/MAT_Groups_Sound.uexp" 246
"../../../Engine/Content/EditorMaterials/MatineeGroups/MAT_Groups_Slomo.uasset" 247
"../../../Engine/Content/EditorMaterials/MatineeGroups/MAT_Groups_Slomo.uexp" 248
"../../../Engine/Content/EditorMaterials/MatineeGroups/MAT_Groups_Move.uasset" 249
"../../../Engine/Content/EditorMaterials/MatineeGroups/MAT_Groups_Move.uexp" 250
"../../../Engine/Content/EditorMaterials/MatineeGroups/MAT_Groups_Float.uasset" 251
"../../../Engine/Content/EditorMaterials/MatineeGroups/MAT_Groups_Float.uexp" 252
"../../../Engine/Content/EditorMaterials/MatineeGroups/MAT_Groups_Fade.uasset" 253
"../../../Engine/Content/EditorMaterials/MatineeGroups/MAT_Groups_Fade.uexp" 254
"../../../Engine/Content/EditorMaterials/MatineeGroups/MAT_Groups_Event.uasset" 255
"../../../Engine/Content/EditorMaterials/MatineeGroups/MAT_Groups_Event.uexp" 256
"../../../Engine/Content/EditorMaterials/MatineeGroups/MAT_Groups_Director.uasset" 257
"../../../Engine/Content/EditorMaterials/MatineeGroups/MAT_Groups_Director.uexp" 258
"../../../Engine/Content/EditorMaterials/MatineeGroups/MAT_Groups_AudioMaster.uasset" 259
"../../../Engine/Content/EditorMaterials/MatineeGroups/MAT_Groups_AudioMaster.uexp" 260
"../../../Engine/Content/EditorMaterials/MatineeGroups/MAT_Groups_Anim.uasset" 261
"../../../Engine/Content/EditorMaterials/MatineeGroups/MAT_Groups_Anim.uexp" 262
"../../../Engine/Content/EditorMaterials/MatineeGroups/MAT_ColorTrack.uasset" 263
"../../../Engine/Content/EditorMaterials/MatineeGroups/MAT_ColorTrack.uexp" 264
"../../../Engine/Content/EditorLandscapeResources/DefaultAlphaTexture.uasset" 265
"../../../Engine/Content/EditorLandscapeResources/DefaultAlphaTexture.uexp" 266
"../../../Engine/Content/EditorLandscapeResources/DataLayer.uasset" 267
"../../../Engine/Content/EditorLandscapeResources/DataLayer.uexp" 268
"../../../Engine/Content/EngineMaterials/T_Default_Material_Grid_M.ubulk" 269
"../../../Engine/Content/EngineMaterials/T_Default_Material_Grid_M.uasset" 270
"../../../Engine/Content/EngineMaterials/T_Default_Material_Grid_M.uexp" 271
"../../../Engine/Content/EngineMaterials/T_Default_Material_Grid_N.ubulk" 272
"../../../Engine/Content/EngineMaterials/T_Default_Material_Grid_N.uasset" 273
"../../../Engine/Content/EngineMaterials/T_Default_Material_Grid_N.uexp" 274
"../../../Engine/Content/Functions/Engine_MaterialFunctions01/Opacity/CameraDepthFade.uasset" 275
"../../../Engine/Content/Functions/Engine_MaterialFunctions01/Opacity/CameraDepthFade.uexp" 276
"../../../Engine/Content/EngineMaterials/WorldGridMaterial.uasset" 277
"../../../Engine/Content/EngineMaterials/WorldGridMaterial.uexp" 278
"../../../Engine/Content/BasicShapes/Plane.uasset" 279
"../../../Engine/Content/BasicShapes/Plane.uexp" 280
"../../../Engine/Content/BasicShapes/Cube.uasset" 281
"../../../Engine/Content/BasicShapes/Cube.uexp" 282
"../../../Engine/Content/EngineMaterials/DefaultMaterial.uasset" 283
"../../../Engine/Content/EngineMaterials/DefaultMaterial.uexp" 284
"../../../Engine/Content/BasicShapes/Cone.uasset" 285
"../../../Engine/Content/BasicShapes/Cone.uexp" 286
"../../../Engine/Content/ArtTools/RenderToTexture/Meshes/S_1_Unit_Plane.uasset" 287
"../../../Engine/Content/ArtTools/RenderToTexture/Meshes/S_1_Unit_Plane.uexp" 288
"C:/Users/alexa/Documents/GitHub/DevilutionBuild_0.2/DevilutionProject/Content/VRTemplate/Materials/Functions/MF_LightmassReplace.uasset" 289
"C:/Users/alexa/Documents/GitHub/DevilutionBuild_0.2/DevilutionProject/Content/VRTemplate/Materials/Functions/MF_LightmassReplace.uexp" 290
"C:/Users/alexa/Documents/GitHub/DevilutionBuild_0.2/DevilutionProject/Content/LevelPrototyping/Textures/T_GridChecker_A.ubulk" 291
"C:/Users/alexa/Documents/GitHub/DevilutionBuild_0.2/DevilutionProject/Content/LevelPrototyping/Textures/T_GridChecker_A.uasset" 292
"C:/Users/alexa/Documents/GitHub/DevilutionBuild_0.2/DevilutionProject/Content/LevelPrototyping/Textures/T_GridChecker_A.uexp" 293
"../../../Engine/Content/Functions/Engine_MaterialFunctions01/Gradient/LinearGradient.uasset" 294
"../../../Engine/Content/Functions/Engine_MaterialFunctions01/Gradient/LinearGradient.uexp" 295
"../../../Engine/Content/Functions/Engine_MaterialFunctions01/ImageAdjustment/CheapContrast.uasset" 296
"../../../Engine/Content/Functions/Engine_MaterialFunctions01/ImageAdjustment/CheapContrast.uexp" 297
"C:/Users/alexa/Documents/GitHub/DevilutionBuild_0.2/DevilutionProject/Content/LevelPrototyping/Materials/MF_ProcGrid.uasset" 298
"C:/Users/alexa/Documents/GitHub/DevilutionBuild_0.2/DevilutionProject/Content/LevelPrototyping/Materials/MF_ProcGrid.uexp" 299
"C:/Users/alexa/Documents/GitHub/DevilutionBuild_0.2/DevilutionProject/Content/LevelPrototyping/Materials/M_PrototypeGrid.uasset" 300
"C:/Users/alexa/Documents/GitHub/DevilutionBuild_0.2/DevilutionProject/Content/LevelPrototyping/Materials/M_PrototypeGrid.uexp" 301
"C:/Users/alexa/Documents/GitHub/DevilutionBuild_0.2/DevilutionProject/Content/LevelPrototyping/Materials/MI_PrototypeGrid_Gray.uasset" 302
"C:/Users/alexa/Documents/GitHub/DevilutionBuild_0.2/DevilutionProject/Content/LevelPrototyping/Materials/MI_PrototypeGrid_Gray.uexp" 303
"C:/Users/alexa/Documents/GitHub/DevilutionBuild_0.2/DevilutionProject/Content/LevelPrototyping/Meshes/SM_Ramp.uasset" 304
"C:/Users/alexa/Documents/GitHub/DevilutionBuild_0.2/DevilutionProject/Content/LevelPrototyping/Meshes/SM_Ramp.uexp" 305
"C:/Users/alexa/Documents/GitHub/DevilutionBuild_0.2/DevilutionProject/Content/LevelPrototyping/Meshes/SM_QuarterCylinder.uasset" 306
"C:/Users/alexa/Documents/GitHub/DevilutionBuild_0.2/DevilutionProject/Content/LevelPrototyping/Meshes/SM_QuarterCylinder.uexp" 307
"C:/Users/alexa/Documents/GitHub/DevilutionBuild_0.2/DevilutionProject/Content/LevelPrototyping/Meshes/SM_Cylinder.uasset" 308
"C:/Users/alexa/Documents/GitHub/DevilutionBuild_0.2/DevilutionProject/Content/LevelPrototyping/Meshes/SM_Cylinder.uexp" 309
"C:/Users/alexa/Documents/GitHub/DevilutionBuild_0.2/DevilutionProject/Content/LevelPrototyping/Materials/MI_PrototypeGrid_TopDark.uasset" 310
"C:/Users/alexa/Documents/GitHub/DevilutionBuild_0.2/DevilutionProject/Content/LevelPrototyping/Materials/MI_PrototypeGrid_TopDark.uexp" 311
"C:/Users/alexa/Documents/GitHub/DevilutionBuild_0.2/DevilutionProject/Content/LevelPrototyping/Materials/MI_PrototypeGrid_Gray_02.uasset" 312
"C:/Users/alexa/Documents/GitHub/DevilutionBuild_0.2/DevilutionProject/Content/LevelPrototyping/Materials/MI_PrototypeGrid_Gray_02.uexp" 313
"C:/Users/alexa/Documents/GitHub/DevilutionBuild_0.2/DevilutionProject/Content/FPWeapon/Mesh/SK_FPGun_PhysicsAsset.uasset" 314
"C:/Users/alexa/Documents/GitHub/DevilutionBuild_0.2/DevilutionProject/Content/FPWeapon/Mesh/SK_FPGun_PhysicsAsset.uexp" 315
"C:/Users/alexa/Documents/GitHub/DevilutionBuild_0.2/DevilutionProject/Content/FPWeapon/Materials/BaseMaterial.uasset" 316
"C:/Users/alexa/Documents/GitHub/DevilutionBuild_0.2/DevilutionProject/Content/FPWeapon/Materials/BaseMaterial.uexp" 317
"C:/Users/alexa/Documents/GitHub/DevilutionBuild_0.2/DevilutionProject/Content/FPWeapon/Materials/FirstPersonProjectileMaterial.uasset" 318
"C:/Users/alexa/Documents/GitHub/DevilutionBuild_0.2/DevilutionProject/Content/FPWeapon/Materials/FirstPersonProjectileMaterial.uexp" 319
"C:/Users/alexa/Documents/GitHub/DevilutionBuild_0.2/DevilutionProject/Content/FPWeapon/Mesh/FirstPersonProjectileMesh.uasset" 320
"C:/Users/alexa/Documents/GitHub/DevilutionBuild_0.2/DevilutionProject/Content/FPWeapon/Mesh/FirstPersonProjectileMesh.uexp" 321
"C:/Users/alexa/Documents/GitHub/DevilutionBuild_0.2/DevilutionProject/Content/FPWeapon/Materials/MaterialLayers/T_ML_FineRubber.ubulk" 322
"C:/Users/alexa/Documents/GitHub/DevilutionBuild_0.2/DevilutionProject/Content/FPWeapon/Materials/MaterialLayers/T_ML_FineRubber.uasset" 323
"C:/Users/alexa/Documents/GitHub/DevilutionBuild_0.2/DevilutionProject/Content/FPWeapon/Materials/MaterialLayers/T_ML_FineRubber.uexp" 324
"C:/Users/alexa/Documents/GitHub/DevilutionBuild_0.2/DevilutionProject/Content/FPWeapon/Audio/FirstPersonTemplateWeaponFire02.ubulk" 325
"C:/Users/alexa/Documents/GitHub/DevilutionBuild_0.2/DevilutionProject/Content/FPWeapon/Audio/FirstPersonTemplateWeaponFire02.uasset" 326
"C:/Users/alexa/Documents/GitHub/DevilutionBuild_0.2/DevilutionProject/Content/FPWeapon/Audio/FirstPersonTemplateWeaponFire02.uexp" 327
"../../../Engine/Content/Tutorial/ContentIntroCurve.uasset" 328
"../../../Engine/Content/Tutorial/ContentIntroCurve.uexp" 329
"../../../Engine/Content/VREditor/TransformGizmo/Main.uasset" 330
"../../../Engine/Content/VREditor/TransformGizmo/Main.uexp" 331
"../../../Engine/Content/VREditor/TransformGizmo/Xray.uasset" 332
"../../../Engine/Content/VREditor/TransformGizmo/Xray.uexp" 333
"../../../Engine/Content/VREditor/TransformGizmo/SM_Sequencer_Node.uasset" 334
"../../../Engine/Content/VREditor/TransformGizmo/SM_Sequencer_Node.uexp" 335
"../../../Engine/Content/VREditor/LaserPointer/VR_LaserPower_01.ubulk" 336
"../../../Engine/Content/VREditor/LaserPointer/VR_LaserPower_01.uasset" 337
"../../../Engine/Content/VREditor/LaserPointer/VR_LaserPower_01.uexp" 338
"../../../Engine/Content/VREditor/TransformGizmo/TransformGizmoMaterial.uasset" 339
"../../../Engine/Content/VREditor/TransformGizmo/TransformGizmoMaterial.uexp" 340
"../../../Engine/Content/VREditor/TransformGizmo/TranslucentTransformGizmoMaterial.uasset" 341
"../../../Engine/Content/VREditor/TransformGizmo/TranslucentTransformGizmoMaterial.uexp" 342
"../../../Engine/Content/VREditor/TransformGizmo/PlaneTranslationHandle.uasset" 343
"../../../Engine/Content/VREditor/TransformGizmo/PlaneTranslationHandle.uexp" 344
"../../../Engine/Content/VREditor/TransformGizmo/BoundingBoxEdge.uasset" 345
"../../../Engine/Content/VREditor/TransformGizmo/BoundingBoxEdge.uexp" 346
"../../../Engine/Content/VREditor/TransformGizmo/BoundingBoxCorner.uasset" 347
"../../../Engine/Content/VREditor/TransformGizmo/BoundingBoxCorner.uexp" 348
"../../../Engine/Plugins/2D/Paper2D/Content/PlaceholderTextures/DummySpriteTexture.ubulk" 349
"../../../Engine/Plugins/2D/Paper2D/Content/PlaceholderTextures/DummySpriteTexture.uasset" 350
"../../../Engine/Plugins/2D/Paper2D/Content/PlaceholderTextures/DummySpriteTexture.uexp" 351
"../../../Engine/Plugins/2D/Paper2D/Content/DefaultSpriteMaterial.uasset" 352
"../../../Engine/Plugins/2D/Paper2D/Content/DefaultSpriteMaterial.uexp" 353
"../../../Engine/Plugins/2D/Paper2D/Content/OpaqueUnlitSpriteMaterial.uasset" 354
"../../../Engine/Plugins/2D/Paper2D/Content/OpaqueUnlitSpriteMaterial.uexp" 355
"../../../Engine/Plugins/2D/Paper2D/Content/MaskedUnlitSpriteMaterial.uasset" 356
"../../../Engine/Plugins/2D/Paper2D/Content/MaskedUnlitSpriteMaterial.uexp" 357
"../../../Engine/Plugins/2D/Paper2D/Content/DummySprite.uasset" 358
"../../../Engine/Plugins/2D/Paper2D/Content/DummySprite.uexp" 359
"../../../Engine/Plugins/2D/Paper2D/Content/DefaultPaperTerrainMaterial.uasset" 360
"../../../Engine/Plugins/2D/Paper2D/Content/DefaultPaperTerrainMaterial.uexp" 361
"../../../Engine/Plugins/Animation/ControlRig/Content/M_Manip.uasset" 362
"../../../Engine/Plugins/Animation/ControlRig/Content/M_Manip.uexp" 363
"../../../Engine/Plugins/Animation/ControlRig/Content/Controls/DefaultGizmoLibraryNormalized.uasset" 364
"../../../Engine/Plugins/Animation/ControlRig/Content/Controls/DefaultGizmoLibraryNormalized.uexp" 365
"../../../Engine/Plugins/Animation/ControlRig/Content/Controls/ControlRig_Wedge_solid.uasset" 366
"../../../Engine/Plugins/Animation/ControlRig/Content/Controls/ControlRig_Wedge_solid.uexp" 367
"../../../Engine/Plugins/Animation/ControlRig/Content/Controls/ControlRig_Wedge_3mm.uasset" 368
"../../../Engine/Plugins/Animation/ControlRig/Content/Controls/ControlRig_Wedge_3mm.uexp" 369
"../../../Engine/Plugins/Animation/ControlRig/Content/Controls/ControlRig_Wedge_1mm.uasset" 370
"../../../Engine/Plugins/Animation/ControlRig/Content/Controls/ControlRig_Wedge_1mm.uexp" 371
"../../../Engine/Plugins/Animation/ControlRig/Content/Controls/ControlRig_Triangle_solid.uasset" 372
"../../../Engine/Plugins/Animation/ControlRig/Content/Controls/ControlRig_Triangle_solid.uexp" 373
"../../../Engine/Plugins/Animation/ControlRig/Content/Controls/ControlRig_Triangle_3mm.uasset" 374
"../../../Engine/Plugins/Animation/ControlRig/Content/Controls/ControlRig_Triangle_3mm.uexp" 375
"../../../Engine/Plugins/Animation/ControlRig/Content/Controls/ControlRig_Triangle_1mm.uasset" 376
"../../../Engine/Plugins/Animation/ControlRig/Content/Controls/ControlRig_Triangle_1mm.uexp" 377
"../../../Engine/Plugins/Animation/ControlRig/Content/Controls/ControlRig_Star4_solid.uasset" 378
"../../../Engine/Plugins/Animation/ControlRig/Content/Controls/ControlRig_Star4_solid.uexp" 379
"../../../Engine/Plugins/Animation/ControlRig/Content/Controls/ControlRig_Star4_3mm.uasset" 380
"../../../Engine/Plugins/Animation/ControlRig/Content/Controls/ControlRig_Star4_3mm.uexp" 381
"../../../Engine/Plugins/Animation/ControlRig/Content/Controls/ControlRig_Star4_1mm.uasset" 382
"../../../Engine/Plugins/Animation/ControlRig/Content/Controls/ControlRig_Star4_1mm.uexp" 383
"../../../Engine/Plugins/Animation/ControlRig/Content/Controls/ControlRig_Square_solid.uasset" 384
"../../../Engine/Plugins/Animation/ControlRig/Content/Controls/ControlRig_Square_solid.uexp" 385
"../../../Engine/Plugins/Animation/ControlRig/Content/Controls/ControlRig_Square_3mm.uasset" 386
"../../../Engine/Plugins/Animation/ControlRig/Content/Controls/ControlRig_Square_3mm.uexp" 387
"../../../Engine/Plugins/Animation/ControlRig/Content/Controls/ControlRig_Square_1mm.uasset" 388
"../../../Engine/Plugins/Animation/ControlRig/Content/Controls/ControlRig_Square_1mm.uexp" 389
"../../../Engine/Plugins/Animation/ControlRig/Content/Controls/ControlRig_Sphere_solid.uasset" 390
"../../../Engine/Plugins/Animation/ControlRig/Content/Controls/ControlRig_Sphere_solid.uexp" 391
"../../../Engine/Plugins/Animation/ControlRig/Content/Controls/ControlRig_Sphere_3mm.uasset" 392
"../../../Engine/Plugins/Animation/ControlRig/Content/Controls/ControlRig_Sphere_3mm.uexp" 393
"../../../Engine/Plugins/Animation/ControlRig/Content/Controls/ControlRig_Sphere_1mm.uasset" 394
"../../../Engine/Plugins/Animation/ControlRig/Content/Controls/ControlRig_Sphere_1mm.uexp" 395
"../../../Engine/Plugins/Animation/ControlRig/Content/Controls/ControlRig_RoundedTriangle_solid.uasset" 396
"../../../Engine/Plugins/Animation/ControlRig/Content/Controls/ControlRig_RoundedTriangle_solid.uexp" 397
"../../../Engine/Plugins/Animation/ControlRig/Content/Controls/ControlRig_RoundedTriangle_3mm.uasset" 398
"../../../Engine/Plugins/Animation/ControlRig/Content/Controls/ControlRig_RoundedTriangle_3mm.uexp" 399
"../../../Engine/Plugins/Animation/ControlRig/Content/Controls/ControlRig_RoundedTriangle_1mm.uasset" 400
"../../../Engine/Plugins/Animation/ControlRig/Content/Controls/ControlRig_RoundedTriangle_1mm.uexp" 401
"../../../Engine/Plugins/Animation/ControlRig/Content/Controls/ControlRig_RoundedSquare_solid.uasset" 402
"../../../Engine/Plugins/Animation/ControlRig/Content/Controls/ControlRig_RoundedSquare_solid.uexp" 403
"../../../Engine/Plugins/Animation/ControlRig/Content/Controls/ControlRig_RoundedSquare_3mm.uasset" 404
"../../../Engine/Plugins/Animation/ControlRig/Content/Controls/ControlRig_RoundedSquare_3mm.uexp" 405
"../../../Engine/Plugins/Animation/ControlRig/Content/Controls/ControlRig_RoundedSquare_1mm.uasset" 406
"../../../Engine/Plugins/Animation/ControlRig/Content/Controls/ControlRig_RoundedSquare_1mm.uexp" 407
"../../../Engine/Plugins/Animation/ControlRig/Content/Controls/ControlRig_QuarterCircle_solid.uasset" 408
"../../../Engine/Plugins/Animation/ControlRig/Content/Controls/ControlRig_QuarterCircle_solid.uexp" 409
"../../../Engine/Plugins/Animation/ControlRig/Content/Controls/ControlRig_QuarterCircle_3mm.uasset" 410
"../../../Engine/Plugins/Animation/ControlRig/Content/Controls/ControlRig_QuarterCircle_3mm.uexp" 411
"../../../Engine/Plugins/Animation/ControlRig/Content/Controls/ControlRig_QuarterCircle_1mm.uasset" 412
"../../../Engine/Plugins/Animation/ControlRig/Content/Controls/ControlRig_QuarterCircle_1mm.uexp" 413
"../../../Engine/Plugins/Animation/ControlRig/Content/Controls/ControlRig_Pyramid_solid.uasset" 414
"../../../Engine/Plugins/Animation/ControlRig/Content/Controls/ControlRig_Pyramid_solid.uexp" 415
"../../../Engine/Plugins/Animation/ControlRig/Content/Controls/ControlRig_Pyramid_3mm.uasset" 416
"../../../Engine/Plugins/Animation/ControlRig/Content/Controls/ControlRig_Pyramid_3mm.uexp" 417
"../../../Engine/Plugins/Animation/ControlRig/Content/Controls/ControlRig_Pyramid_1mm.uasset" 418
"../../../Engine/Plugins/Animation/ControlRig/Content/Controls/ControlRig_Pyramid_1mm.uexp" 419
"../../../Engine/Plugins/Animation/ControlRig/Content/Controls/ControlRig_Octagon_solid.uasset" 420
"../../../Engine/Plugins/Animation/ControlRig/Content/Controls/ControlRig_Octagon_solid.uexp" 421
"../../../Engine/Plugins/Animation/ControlRig/Content/Controls/ControlRig_Octagon_3mm.uasset" 422
"../../../Engine/Plugins/Animation/ControlRig/Content/Controls/ControlRig_Octagon_3mm.uexp" 423
"../../../Engine/Plugins/Animation/ControlRig/Content/Controls/ControlRig_Octagon_1mm.uasset" 424
"../../../Engine/Plugins/Animation/ControlRig/Content/Controls/ControlRig_Octagon_1mm.uexp" 425
"../../../Engine/Plugins/Animation/ControlRig/Content/Controls/ControlRig_Hexagon_solid.uasset" 426
"../../../Engine/Plugins/Animation/ControlRig/Content/Controls/ControlRig_Hexagon_solid.uexp" 427
"../../../Engine/Plugins/Animation/ControlRig/Content/Controls/ControlRig_Hexagon_3mm.uasset" 428
"../../../Engine/Plugins/Animation/ControlRig/Content/Controls/ControlRig_Hexagon_3mm.uexp" 429
"../../../Engine/Plugins/Animation/ControlRig/Content/Controls/ControlRig_Hexagon_1mm.uasset" 430
"../../../Engine/Plugins/Animation/ControlRig/Content/Controls/ControlRig_Hexagon_1mm.uexp" 431
"../../../Engine/Plugins/Animation/ControlRig/Content/Controls/ControlRig_HalfCircle_solid.uasset" 432
"../../../Engine/Plugins/Animation/ControlRig/Content/Controls/ControlRig_HalfCircle_solid.uexp" 433
"../../../Engine/Plugins/Animation/ControlRig/Content/Controls/ControlRig_HalfCircle_3mm.uasset" 434
"../../../Engine/Plugins/Animation/ControlRig/Content/Controls/ControlRig_HalfCircle_3mm.uexp" 435
"../../../Engine/Plugins/Animation/ControlRig/Content/Controls/ControlRig_HalfCircle_1mm.uasset" 436
"../../../Engine/Plugins/Animation/ControlRig/Content/Controls/ControlRig_HalfCircle_1mm.uexp" 437
"../../../Engine/Plugins/Animation/ControlRig/Content/Controls/ControlRig_Diamond_solid.uasset" 438
"../../../Engine/Plugins/Animation/ControlRig/Content/Controls/ControlRig_Diamond_solid.uexp" 439
"../../../Engine/Plugins/Animation/ControlRig/Content/Controls/ControlRig_Diamond_3mm.uasset" 440
"../../../Engine/Plugins/Animation/ControlRig/Content/Controls/ControlRig_Diamond_3mm.uexp" 441
"../../../Engine/Plugins/Animation/ControlRig/Content/Controls/ControlRig_Diamond_1mm.uasset" 442
"../../../Engine/Plugins/Animation/ControlRig/Content/Controls/ControlRig_Diamond_1mm.uexp" 443
"../../../Engine/Plugins/Animation/ControlRig/Content/Controls/ControlRig_Circle_solid.uasset" 444
"../../../Engine/Plugins/Animation/ControlRig/Content/Controls/ControlRig_Circle_solid.uexp" 445
"../../../Engine/Plugins/Animation/ControlRig/Content/Controls/ControlRig_Circle_3mm.uasset" 446
"../../../Engine/Plugins/Animation/ControlRig/Content/Controls/ControlRig_Circle_3mm.uexp" 447
"../../../Engine/Plugins/Animation/ControlRig/Content/Controls/ControlRig_Circle_1mm.uasset" 448
"../../../Engine/Plugins/Animation/ControlRig/Content/Controls/ControlRig_Circle_1mm.uexp" 449
"../../../Engine/Plugins/Animation/ControlRig/Content/Controls/ControlRig_Box_solid.uasset" 450
"../../../Engine/Plugins/Animation/ControlRig/Content/Controls/ControlRig_Box_solid.uexp" 451
"../../../Engine/Plugins/Animation/ControlRig/Content/Controls/ControlRig_Box_3mm.uasset" 452
"../../../Engine/Plugins/Animation/ControlRig/Content/Controls/ControlRig_Box_3mm.uexp" 453
"../../../Engine/Plugins/Animation/ControlRig/Content/Controls/ControlRig_Box_1mm.uasset" 454
"../../../Engine/Plugins/Animation/ControlRig/Content/Controls/ControlRig_Box_1mm.uexp" 455
"../../../Engine/Plugins/Animation/ControlRig/Content/Controls/ControlRig_Arrow_solid.uasset" 456
"../../../Engine/Plugins/Animation/ControlRig/Content/Controls/ControlRig_Arrow_solid.uexp" 457
"../../../Engine/Plugins/Animation/ControlRig/Content/Controls/ControlRig_Arrow_3mm.uasset" 458
"../../../Engine/Plugins/Animation/ControlRig/Content/Controls/ControlRig_Arrow_3mm.uexp" 459
"../../../Engine/Plugins/Animation/ControlRig/Content/Controls/ControlRig_Arrow_1mm.uasset" 460
"../../../Engine/Plugins/Animation/ControlRig/Content/Controls/ControlRig_Arrow_1mm.uexp" 461
"../../../Engine/Plugins/Animation/ControlRig/Content/Controls/ControlRig_Arrow4_solid.uasset" 462
"../../../Engine/Plugins/Animation/ControlRig/Content/Controls/ControlRig_Arrow4_solid.uexp" 463
"../../../Engine/Plugins/Animation/ControlRig/Content/Controls/ControlRig_Arrow4_3mm.uasset" 464
"../../../Engine/Plugins/Animation/ControlRig/Content/Controls/ControlRig_Arrow4_3mm.uexp" 465
"../../../Engine/Plugins/Animation/ControlRig/Content/Controls/ControlRig_Arrow4_1mm.uasset" 466
"../../../Engine/Plugins/Animation/ControlRig/Content/Controls/ControlRig_Arrow4_1mm.uexp" 467
"../../../Engine/Plugins/Animation/ControlRig/Content/Controls/ControlRig_Arrow2_solid.uasset" 468
"../../../Engine/Plugins/Animation/ControlRig/Content/Controls/ControlRig_Arrow2_solid.uexp" 469
"../../../Engine/Plugins/Animation/ControlRig/Content/Controls/ControlRig_Arrow2_3mm.uasset" 470
"../../../Engine/Plugins/Animation/ControlRig/Content/Controls/ControlRig_Arrow2_3mm.uexp" 471
"../../../Engine/Plugins/Animation/ControlRig/Content/Controls/ControlRig_Arrow2_1mm.uasset" 472
"../../../Engine/Plugins/Animation/ControlRig/Content/Controls/ControlRig_Arrow2_1mm.uexp" 473
"../../../Engine/Plugins/Animation/ControlRig/Content/Controls/ControlRigGizmoMaterial.uasset" 474
"../../../Engine/Plugins/Animation/ControlRig/Content/Controls/ControlRigGizmoMaterial.uexp" 475
"../../../Engine/Plugins/Editor/SpeedTreeImporter/Content/SpeedTree9/game_wind_noise.ubulk" 476
"../../../Engine/Plugins/Editor/SpeedTreeImporter/Content/SpeedTree9/game_wind_noise.uasset" 477
"../../../Engine/Plugins/Editor/SpeedTreeImporter/Content/SpeedTree9/game_wind_noise.uexp" 478
"../../../Engine/Plugins/Editor/SpeedTreeImporter/Content/SpeedTree9/UnpackDirection.uasset" 479
"../../../Engine/Plugins/Editor/SpeedTreeImporter/Content/SpeedTree9/UnpackDirection.uexp" 480
"../../../Engine/Content/Functions/Engine_MaterialFunctions02/ObjectLocalBounds.uasset" 481
"../../../Engine/Content/Functions/Engine_MaterialFunctions02/ObjectLocalBounds.uexp" 482
"../../../Engine/Content/Functions/Engine_MaterialFunctions02/UVs/BoundingBoxBased_0-1_UVW.uasset" 483
"../../../Engine/Content/Functions/Engine_MaterialFunctions02/UVs/BoundingBoxBased_0-1_UVW.uexp" 484
"../../../Engine/Content/Functions/Engine_MaterialFunctions02/Utility/VectorLength.uasset" 485
"../../../Engine/Content/Functions/Engine_MaterialFunctions02/Utility/VectorLength.uexp" 486
"../../../Engine/Plugins/Editor/SpeedTreeImporter/Content/SpeedTree9/UnpackInteger3.uasset" 487
"../../../Engine/Plugins/Editor/SpeedTreeImporter/Content/SpeedTree9/UnpackInteger3.uexp" 488
"../../../Engine/Plugins/Editor/SpeedTreeImporter/Content/SpeedTree9/SpeedTreeCameraFacing.uasset" 489
"../../../Engine/Plugins/Editor/SpeedTreeImporter/Content/SpeedTree9/SpeedTreeCameraFacing.uexp" 490
"../../../Engine/Content/Functions/Engine_MaterialFunctions02/WorldPositionOffset/ObjectScale.uasset" 491
"../../../Engine/Content/Functions/Engine_MaterialFunctions02/WorldPositionOffset/ObjectScale.uexp" 492
"../../../Engine/Content/Functions/Engine_MaterialFunctions02/SafeNormalize.uasset" 493
"../../../Engine/Content/Functions/Engine_MaterialFunctions02/SafeNormalize.uexp" 494
"../../../Engine/Plugins/Editor/SpeedTreeImporter/Content/SpeedTree9/SpeedTreeWindMotion.uasset" 495
"../../../Engine/Plugins/Editor/SpeedTreeImporter/Content/SpeedTree9/SpeedTreeWindMotion.uexp" 496
"../../../Engine/Plugins/Editor/SpeedTreeImporter/Content/SpeedTree9/SpeedTreeBranchMotion.uasset" 497
"../../../Engine/Plugins/Editor/SpeedTreeImporter/Content/SpeedTree9/SpeedTreeBranchMotion.uexp" 498
"../../../Engine/Plugins/Editor/SpeedTreeImporter/Content/SpeedTree9/SpeedTreeWind.uasset" 499
"../../../Engine/Plugins/Editor/SpeedTreeImporter/Content/SpeedTree9/SpeedTreeWind.uexp" 500
"../../../Engine/Plugins/Editor/SpeedTreeImporter/Content/SpeedTree9/EmptyNormal.uasset" 501
"../../../Engine/Plugins/Editor/SpeedTreeImporter/Content/SpeedTree9/EmptyNormal.uexp" 502
"../../../Engine/Plugins/Editor/SpeedTreeImporter/Content/SpeedTree9/Empty.uasset" 503
"../../../Engine/Plugins/Editor/SpeedTreeImporter/Content/SpeedTree9/Empty.uexp" 504
"../../../Engine/Plugins/Editor/SpeedTreeImporter/Content/SpeedTree9/SpeedTreeMaster.uasset" 505
"../../../Engine/Plugins/Editor/SpeedTreeImporter/Content/SpeedTree9/SpeedTreeMaster.uexp" 506
"../../../Engine/Plugins/Editor/SpeedTreeImporter/Content/SpeedTree9/SpeedTreeBillboard.uasset" 507
"../../../Engine/Plugins/Editor/SpeedTreeImporter/Content/SpeedTree9/SpeedTreeBillboard.uexp" 508
"../../../Engine/Plugins/Editor/SpeedTreeImporter/Content/SpeedTree9/SpeedTreeBillboardMaster.uasset" 509
"../../../Engine/Plugins/Editor/SpeedTreeImporter/Content/SpeedTree9/SpeedTreeBillboardMaster.uexp" 510
"../../../Engine/Plugins/Runtime/HairStrands/Content/Materials/HairMeshesDefaultMaterial.uasset" 511
"../../../Engine/Plugins/Runtime/HairStrands/Content/Materials/HairMeshesDefaultMaterial.uexp" 512
"../../../Engine/Plugins/Runtime/HairStrands/Content/Materials/HairDefaultMaterial.uasset" 513
"../../../Engine/Plugins/Runtime/HairStrands/Content/Materials/HairDefaultMaterial.uexp" 514
"../../../Engine/Plugins/Runtime/HairStrands/Content/Materials/HairGroupColors.uasset" 515
"../../../Engine/Plugins/Runtime/HairStrands/Content/Materials/HairGroupColors.uexp" 516
"../../../Engine/Content/EngineMaterials/HairColorMap.uasset" 517
"../../../Engine/Content/EngineMaterials/HairColorMap.uexp" 518
"../../../Engine/Content/EngineMaterials/HairDebugColor.uasset" 519
"../../../Engine/Content/EngineMaterials/HairDebugColor.uexp" 520
"../../../Engine/Plugins/Runtime/HairStrands/Content/Materials/HairDebugMaterial.uasset" 521
"../../../Engine/Plugins/Runtime/HairStrands/Content/Materials/HairDebugMaterial.uexp" 522
"../../../Engine/Plugins/Runtime/HairStrands/Content/Materials/HairCardsDefaultMaterial.uasset" 523
"../../../Engine/Plugins/Runtime/HairStrands/Content/Materials/HairCardsDefaultMaterial.uexp" 524
"../../../Engine/Plugins/Runtime/Oculus/OculusVR/Content/Materials/PokeAHoleMaterial.uasset" 525
"../../../Engine/Plugins/Runtime/Oculus/OculusVR/Content/Materials/PokeAHoleMaterial.uexp" 526
"../../../Engine/Plugins/Runtime/Oculus/OculusVR/Content/Materials/OculusMR_OpaqueColoredMaterial.uasset" 527
"../../../Engine/Plugins/Runtime/Oculus/OculusVR/Content/Materials/OculusMR_OpaqueColoredMaterial.uexp" 528
"../../../Engine/Content/Functions/Engine_MaterialFunctions02/Utility/BreakOutFloat4Components.uasset" 529
"../../../Engine/Content/Functions/Engine_MaterialFunctions02/Utility/BreakOutFloat4Components.uexp" 530
"../../../Engine/Plugins/Runtime/Oculus/OculusVR/Content/Materials/OculusMR_ChromaKey.uasset" 531
"../../../Engine/Plugins/Runtime/Oculus/OculusVR/Content/Materials/OculusMR_ChromaKey.uexp" 532
"../../../Engine/Plugins/Runtime/Oculus/OculusVR/Content/Textures/TouchForQuestRiftSController_albedo.ubulk" 533
"../../../Engine/Plugins/Runtime/Oculus/OculusVR/Content/Textures/TouchForQuestRiftSController_albedo.uasset" 534
"../../../Engine/Plugins/Runtime/Oculus/OculusVR/Content/Textures/TouchForQuestRiftSController_albedo.uexp" 535
"../../../Engine/Plugins/Runtime/Oculus/OculusVR/Content/Materials/TouchForQuestRiftSControllerMaterial.uasset" 536
"../../../Engine/Plugins/Runtime/Oculus/OculusVR/Content/Materials/TouchForQuestRiftSControllerMaterial.uexp" 537
"../../../Engine/Plugins/Runtime/Oculus/OculusVR/Content/Meshes/RightTouchForQuestRiftSController.uasset" 538
"../../../Engine/Plugins/Runtime/Oculus/OculusVR/Content/Meshes/RightTouchForQuestRiftSController.uexp" 539
"../../../Engine/Plugins/Runtime/Oculus/OculusVR/Content/Textures/touchController_albedo.ubulk" 540
"../../../Engine/Plugins/Runtime/Oculus/OculusVR/Content/Textures/touchController_albedo.uasset" 541
"../../../Engine/Plugins/Runtime/Oculus/OculusVR/Content/Textures/touchController_albedo.uexp" 542
"../../../Engine/Plugins/Runtime/Oculus/OculusVR/Content/Textures/touchController_controlmap.ubulk" 543
"../../../Engine/Plugins/Runtime/Oculus/OculusVR/Content/Textures/touchController_controlmap.uasset" 544
"../../../Engine/Plugins/Runtime/Oculus/OculusVR/Content/Textures/touchController_controlmap.uexp" 545
"../../../Engine/Plugins/Runtime/Oculus/OculusVR/Content/Materials/touchController_mat.uasset" 546
"../../../Engine/Plugins/Runtime/Oculus/OculusVR/Content/Materials/touchController_mat.uexp" 547
"../../../Engine/Plugins/Runtime/Oculus/OculusVR/Content/Meshes/RightTouchController.uasset" 548
"../../../Engine/Plugins/Runtime/Oculus/OculusVR/Content/Meshes/RightTouchController.uexp" 549
"../../../Engine/Plugins/Runtime/Oculus/OculusVR/Content/Meshes/RiftHMD.uasset" 550
"../../../Engine/Plugins/Runtime/Oculus/OculusVR/Content/Meshes/RiftHMD.uexp" 551
"../../../Engine/Plugins/Runtime/Oculus/OculusVR/Content/Meshes/LeftTouchForQuestRiftSController.uasset" 552
"../../../Engine/Plugins/Runtime/Oculus/OculusVR/Content/Meshes/LeftTouchForQuestRiftSController.uexp" 553
"../../../Engine/Plugins/Runtime/Oculus/OculusVR/Content/Meshes/LeftTouchController.uasset" 554
"../../../Engine/Plugins/Runtime/Oculus/OculusVR/Content/Meshes/LeftTouchController.uexp" 555
"../../../Engine/Content/EngineResources/Black.uasset" 556
"../../../Engine/Content/EngineResources/Black.uexp" 557
"../../../Engine/Plugins/Runtime/OpenXR/Content/Devices/M_XRController.uasset" 558
"../../../Engine/Plugins/Runtime/OpenXR/Content/Devices/M_XRController.uexp" 559
"../../../Engine/Plugins/Runtime/OpenXR/Content/Devices/HTCVive/BaseTexture.ubulk" 560
"../../../Engine/Plugins/Runtime/OpenXR/Content/Devices/HTCVive/BaseTexture.uasset" 561
"../../../Engine/Plugins/Runtime/OpenXR/Content/Devices/HTCVive/BaseTexture.uexp" 562
"../../../Engine/Plugins/Runtime/OpenXR/Content/Devices/HTCVive/MI_HTCVive.uasset" 563
"../../../Engine/Plugins/Runtime/OpenXR/Content/Devices/HTCVive/MI_HTCVive.uexp" 564
"../../../Engine/Plugins/Runtime/OpenXR/Content/Devices/HTCVive/HTCViveController.uasset" 565
"../../../Engine/Plugins/Runtime/OpenXR/Content/Devices/HTCVive/HTCViveController.uexp" 566
"../../../Engine/Plugins/Runtime/OpenXR/Content/Devices/MicrosoftMixedReality/NormalTexture.ubulk" 567
"../../../Engine/Plugins/Runtime/OpenXR/Content/Devices/MicrosoftMixedReality/NormalTexture.uasset" 568
"../../../Engine/Plugins/Runtime/OpenXR/Content/Devices/MicrosoftMixedReality/NormalTexture.uexp" 569
"../../../Engine/Plugins/Runtime/OpenXR/Content/Devices/MicrosoftMixedReality/EmissiveTexture.ubulk" 570
"../../../Engine/Plugins/Runtime/OpenXR/Content/Devices/MicrosoftMixedReality/EmissiveTexture.uasset" 571
"../../../Engine/Plugins/Runtime/OpenXR/Content/Devices/MicrosoftMixedReality/EmissiveTexture.uexp" 572
"../../../Engine/Plugins/Runtime/OpenXR/Content/Devices/MicrosoftMixedReality/BaseTexture.ubulk" 573
"../../../Engine/Plugins/Runtime/OpenXR/Content/Devices/MicrosoftMixedReality/BaseTexture.uasset" 574
"../../../Engine/Plugins/Runtime/OpenXR/Content/Devices/MicrosoftMixedReality/BaseTexture.uexp" 575
"../../../Engine/Plugins/Runtime/OpenXR/Content/Devices/MicrosoftMixedReality/MRTexture.ubulk" 576
"../../../Engine/Plugins/Runtime/OpenXR/Content/Devices/MicrosoftMixedReality/MRTexture.uasset" 577
"../../../Engine/Plugins/Runtime/OpenXR/Content/Devices/MicrosoftMixedReality/MRTexture.uexp" 578
"../../../Engine/Plugins/Runtime/OpenXR/Content/Devices/MicrosoftMixedReality/MI_MicrosoftMixedReality.uasset" 579
"../../../Engine/Plugins/Runtime/OpenXR/Content/Devices/MicrosoftMixedReality/MI_MicrosoftMixedReality.uexp" 580
"../../../Engine/Plugins/Runtime/OpenXR/Content/Devices/MicrosoftMixedReality/Left/left_MicrosoftMixedRealityController.uasset" 581
"../../../Engine/Plugins/Runtime/OpenXR/Content/Devices/MicrosoftMixedReality/Left/left_MicrosoftMixedRealityController.uexp" 582
"../../../Engine/Plugins/Runtime/OpenXR/Content/Devices/MicrosoftMixedReality/Right/right_MicrosoftMixedRealityController.uasset" 583
"../../../Engine/Plugins/Runtime/OpenXR/Content/Devices/MicrosoftMixedReality/Right/right_MicrosoftMixedRealityController.uexp" 584
"../../../Engine/Plugins/Runtime/OpenXR/Content/Devices/OculusGo/BaseTexture.ubulk" 585
"../../../Engine/Plugins/Runtime/OpenXR/Content/Devices/OculusGo/BaseTexture.uasset" 586
"../../../Engine/Plugins/Runtime/OpenXR/Content/Devices/OculusGo/BaseTexture.uexp" 587
"../../../Engine/Plugins/Runtime/OpenXR/Content/Devices/OculusGo/MI_OculusGo.uasset" 588
"../../../Engine/Plugins/Runtime/OpenXR/Content/Devices/OculusGo/MI_OculusGo.uexp" 589
"../../../Engine/Plugins/Runtime/OpenXR/Content/Devices/OculusGo/OculusGoController.uasset" 590
"../../../Engine/Plugins/Runtime/OpenXR/Content/Devices/OculusGo/OculusGoController.uexp" 591
"../../../Engine/Plugins/Runtime/OpenXR/Content/Devices/OculusTouch/BaseTexture.ubulk" 592
"../../../Engine/Plugins/Runtime/OpenXR/Content/Devices/OculusTouch/BaseTexture.uasset" 593
"../../../Engine/Plugins/Runtime/OpenXR/Content/Devices/OculusTouch/BaseTexture.uexp" 594
"../../../Engine/Plugins/Runtime/OpenXR/Content/Devices/OculusTouch/MRTexture.ubulk" 595
"../../../Engine/Plugins/Runtime/OpenXR/Content/Devices/OculusTouch/MRTexture.uasset" 596
"../../../Engine/Plugins/Runtime/OpenXR/Content/Devices/OculusTouch/MRTexture.uexp" 597
"../../../Engine/Plugins/Runtime/OpenXR/Content/Devices/OculusTouch/MI_OculusTouch.uasset" 598
"../../../Engine/Plugins/Runtime/OpenXR/Content/Devices/OculusTouch/MI_OculusTouch.uexp" 599
"../../../Engine/Plugins/Runtime/OpenXR/Content/Devices/OculusTouch/Left/left_OculusTouchController.uasset" 600
"../../../Engine/Plugins/Runtime/OpenXR/Content/Devices/OculusTouch/Left/left_OculusTouchController.uexp" 601
"../../../Engine/Plugins/Runtime/OpenXR/Content/Devices/OculusTouch/Right/right_OculusTouchController.uasset" 602
"../../../Engine/Plugins/Runtime/OpenXR/Content/Devices/OculusTouch/Right/right_OculusTouchController.uexp" 603
"../../../Engine/Plugins/Runtime/OpenXR/Content/Devices/OculusTouch_v3/MRTexture.ubulk" 604
"../../../Engine/Plugins/Runtime/OpenXR/Content/Devices/OculusTouch_v3/MRTexture.uasset" 605
"../../../Engine/Plugins/Runtime/OpenXR/Content/Devices/OculusTouch_v3/MRTexture.uexp" 606
"../../../Engine/Plugins/Runtime/OpenXR/Content/Devices/OculusTouch_v3/BaseTexture.ubulk" 607
"../../../Engine/Plugins/Runtime/OpenXR/Content/Devices/OculusTouch_v3/BaseTexture.uasset" 608
"../../../Engine/Plugins/Runtime/OpenXR/Content/Devices/OculusTouch_v3/BaseTexture.uexp" 609
"../../../Engine/Plugins/Runtime/OpenXR/Content/Devices/OculusTouch_v3/MI_OculusTouch_v3.uasset" 610
"../../../Engine/Plugins/Runtime/OpenXR/Content/Devices/OculusTouch_v3/MI_OculusTouch_v3.uexp" 611
"../../../Engine/Plugins/Runtime/OpenXR/Content/Devices/OculusTouch_v3/Left/left_OculusTouch_v3Controller.uasset" 612
"../../../Engine/Plugins/Runtime/OpenXR/Content/Devices/OculusTouch_v3/Left/left_OculusTouch_v3Controller.uexp" 613
"../../../Engine/Plugins/Runtime/OpenXR/Content/Devices/OculusTouch_v3/Right/right_OculusTouch_v3Controller.uasset" 614
"../../../Engine/Plugins/Runtime/OpenXR/Content/Devices/OculusTouch_v3/Right/right_OculusTouch_v3Controller.uexp" 615
"../../../Engine/Plugins/Runtime/OpenXR/Content/Devices/ValveIndex/MRTexture.ubulk" 616
"../../../Engine/Plugins/Runtime/OpenXR/Content/Devices/ValveIndex/MRTexture.uasset" 617
"../../../Engine/Plugins/Runtime/OpenXR/Content/Devices/ValveIndex/MRTexture.uexp" 618
"../../../Engine/Plugins/Runtime/OpenXR/Content/Devices/ValveIndex/BaseTexture.ubulk" 619
"../../../Engine/Plugins/Runtime/OpenXR/Content/Devices/ValveIndex/BaseTexture.uasset" 620
"../../../Engine/Plugins/Runtime/OpenXR/Content/Devices/ValveIndex/BaseTexture.uexp" 621
"../../../Engine/Plugins/Runtime/OpenXR/Content/Devices/ValveIndex/Left/MI_left_ValveIndex.uasset" 622
"../../../Engine/Plugins/Runtime/OpenXR/Content/Devices/ValveIndex/Left/MI_left_ValveIndex.uexp" 623
"../../../Engine/Plugins/Runtime/OpenXR/Content/Devices/ValveIndex/Left/left_ValveIndexController.uasset" 624
"../../../Engine/Plugins/Runtime/OpenXR/Content/Devices/ValveIndex/Left/left_ValveIndexController.uexp" 625
"../../../Engine/Plugins/Runtime/OpenXR/Content/Devices/ValveIndex/Right/MI_right_ValveIndex.uasset" 626
"../../../Engine/Plugins/Runtime/OpenXR/Content/Devices/ValveIndex/Right/MI_right_ValveIndex.uexp" 627
"../../../Engine/Plugins/Runtime/OpenXR/Content/Devices/ValveIndex/Right/right_ValveIndexController.uasset" 628
"../../../Engine/Plugins/Runtime/OpenXR/Content/Devices/ValveIndex/Right/right_ValveIndexController.uexp" 629
"C:/Users/alexa/Documents/GitHub/DevilutionBuild_0.2/DevilutionProject/Content/VRTemplate/Textures/T_Grid.ubulk" 630
"C:/Users/alexa/Documents/GitHub/DevilutionBuild_0.2/DevilutionProject/Content/VRTemplate/Textures/T_Grid.uasset" 631
"C:/Users/alexa/Documents/GitHub/DevilutionBuild_0.2/DevilutionProject/Content/VRTemplate/Textures/T_Grid.uexp" 632
"../../../Engine/Content/Functions/Engine_MaterialFunctions02/Utility/AppendMany.uasset" 633
"../../../Engine/Content/Functions/Engine_MaterialFunctions02/Utility/AppendMany.uexp" 634
"../../../Engine/Content/Functions/Engine_MaterialFunctions01/Texturing/WorldAlignedTexture.uasset" 635
"../../../Engine/Content/Functions/Engine_MaterialFunctions01/Texturing/WorldAlignedTexture.uexp" 636
"C:/Users/alexa/Documents/GitHub/DevilutionBuild_0.2/DevilutionProject/Content/VRTemplate/Materials/M_GridRotation.uasset" 637
"C:/Users/alexa/Documents/GitHub/DevilutionBuild_0.2/DevilutionProject/Content/VRTemplate/Materials/M_GridRotation.uexp" 638
"C:/Users/alexa/Documents/GitHub/DevilutionBuild_0.2/DevilutionProject/Content/VRTemplate/Materials/MI_Grid_Accent.uasset" 639
"C:/Users/alexa/Documents/GitHub/DevilutionBuild_0.2/DevilutionProject/Content/VRTemplate/Materials/MI_Grid_Accent.uexp" 640
"C:/Users/alexa/Documents/GitHub/DevilutionBuild_0.2/DevilutionProject/Content/VRTemplate/Blueprints/VRInteractionBPI.uasset" 641
"C:/Users/alexa/Documents/GitHub/DevilutionBuild_0.2/DevilutionProject/Content/VRTemplate/Blueprints/VRInteractionBPI.uexp" 642
"C:/Users/alexa/Documents/GitHub/DevilutionBuild_0.2/DevilutionProject/Content/VRTemplate/Haptics/GrabHapticEffect.uasset" 643
"C:/Users/alexa/Documents/GitHub/DevilutionBuild_0.2/DevilutionProject/Content/VRTemplate/Haptics/GrabHapticEffect.uexp" 644
"C:/Users/alexa/Documents/GitHub/DevilutionBuild_0.2/DevilutionProject/Content/VRTemplate/Blueprints/GrabType.uasset" 645
"C:/Users/alexa/Documents/GitHub/DevilutionBuild_0.2/DevilutionProject/Content/VRTemplate/Blueprints/GrabType.uexp" 646
"C:/Users/alexa/Documents/GitHub/DevilutionBuild_0.2/DevilutionProject/Content/VRTemplate/Blueprints/GrabComponent.uasset" 647
"C:/Users/alexa/Documents/GitHub/DevilutionBuild_0.2/DevilutionProject/Content/VRTemplate/Blueprints/GrabComponent.uexp" 648
"../../../Engine/Content/EngineSky/C_Sky_Horizon_Color.uasset" 649
"../../../Engine/Content/EngineSky/C_Sky_Horizon_Color.uexp" 650
"../../../Engine/Content/EngineSky/T_Sky_Stars.ubulk" 651
"../../../Engine/Content/EngineSky/T_Sky_Stars.uasset" 652
"../../../Engine/Content/EngineSky/T_Sky_Stars.uexp" 653
"../../../Engine/Content/EngineSky/T_Sky_Clouds_M.ubulk" 654
"../../../Engine/Content/EngineSky/T_Sky_Clouds_M.uasset" 655
"../../../Engine/Content/EngineSky/T_Sky_Clouds_M.uexp" 656
"../../../Engine/Content/EngineSky/T_Sky_Blue.ubulk" 657
"../../../Engine/Content/EngineSky/T_Sky_Blue.uasset" 658
"../../../Engine/Content/EngineSky/T_Sky_Blue.uexp" 659
"../../../Engine/Content/EngineSky/M_Sky_Panning_Clouds2.uasset" 660
"../../../Engine/Content/EngineSky/M_Sky_Panning_Clouds2.uexp" 661
"../../../Engine/Content/EngineSky/SM_SkySphere.uasset" 662
"../../../Engine/Content/EngineSky/SM_SkySphere.uexp" 663
"../../../Engine/Content/EngineSky/C_Sky_Cloud_Color.uasset" 664
"../../../Engine/Content/EngineSky/C_Sky_Cloud_Color.uexp" 665
"../../../Engine/Content/EngineSky/C_Sky_Zenith_Color.uasset" 666
"../../../Engine/Content/EngineSky/C_Sky_Zenith_Color.uexp" 667
"../../../Engine/Content/EditorBlueprintResources/StandardMacros.uasset" 668
"../../../Engine/Content/EditorBlueprintResources/StandardMacros.uexp" 669
"../../../Engine/Content/EngineSky/BP_Sky_Sphere.uasset" 670
"../../../Engine/Content/EngineSky/BP_Sky_Sphere.uexp" 671
"C:/Users/alexa/Documents/GitHub/DevilutionBuild_0.2/DevilutionProject/Content/VRTemplate/Materials/MI_Grid_Default.uasset" 672
"C:/Users/alexa/Documents/GitHub/DevilutionBuild_0.2/DevilutionProject/Content/VRTemplate/Materials/MI_Grid_Default.uexp" 673
"../../../Engine/Content/VREditor/BasicMeshes/T_CleanFloorGrunge_01_D.ubulk" 674
"../../../Engine/Content/VREditor/BasicMeshes/T_CleanFloorGrunge_01_D.uasset" 675
"../../../Engine/Content/VREditor/BasicMeshes/T_CleanFloorGrunge_01_D.uexp" 676
"../../../Engine/Content/VREditor/BasicMeshes/M_Floor_01.uasset" 677
"../../../Engine/Content/VREditor/BasicMeshes/M_Floor_01.uexp" 678
"../../../Engine/Content/VREditor/BasicMeshes/MI_Cube_01.uasset" 679
"../../../Engine/Content/VREditor/BasicMeshes/MI_Cube_01.uexp" 680
"../../../Engine/Content/VREditor/BasicMeshes/SM_Cube_01.uasset" 681
"../../../Engine/Content/VREditor/BasicMeshes/SM_Cube_01.uexp" 682
"C:/Users/alexa/Documents/GitHub/DevilutionBuild_0.2/DevilutionProject/Content/VRTemplate/Blueprints/Grabbable_SmallCube.uasset" 683
"C:/Users/alexa/Documents/GitHub/DevilutionBuild_0.2/DevilutionProject/Content/VRTemplate/Blueprints/Grabbable_SmallCube.uexp" 684
"C:/Users/alexa/Documents/GitHub/DevilutionBuild_0.2/DevilutionProject/Content/LevelPrototyping/Meshes/SM_Cube.uasset" 685
"C:/Users/alexa/Documents/GitHub/DevilutionBuild_0.2/DevilutionProject/Content/LevelPrototyping/Meshes/SM_Cube.uexp" 686
"C:/Users/alexa/Documents/GitHub/DevilutionBuild_0.2/DevilutionProject/Content/LevelPrototyping/Materials/M_Solid.uasset" 687
"C:/Users/alexa/Documents/GitHub/DevilutionBuild_0.2/DevilutionProject/Content/LevelPrototyping/Materials/M_Solid.uexp" 688
"C:/Users/alexa/Documents/GitHub/DevilutionBuild_0.2/DevilutionProject/Content/LevelPrototyping/Materials/MI_Solid_Blue.uasset" 689
"C:/Users/alexa/Documents/GitHub/DevilutionBuild_0.2/DevilutionProject/Content/LevelPrototyping/Materials/MI_Solid_Blue.uexp" 690
"C:/Users/alexa/Documents/GitHub/DevilutionBuild_0.2/DevilutionProject/Content/LevelPrototyping/Meshes/SM_ChamferCube.uasset" 691
"C:/Users/alexa/Documents/GitHub/DevilutionBuild_0.2/DevilutionProject/Content/LevelPrototyping/Meshes/SM_ChamferCube.uexp" 692
"../../../Engine/Plugins/Runtime/OpenXR/Content/Devices/OculusTouch_v2/BaseTexture.ubulk" 693
"../../../Engine/Plugins/Runtime/OpenXR/Content/Devices/OculusTouch_v2/BaseTexture.uasset" 694
"../../../Engine/Plugins/Runtime/OpenXR/Content/Devices/OculusTouch_v2/BaseTexture.uexp" 695
"../../../Engine/Plugins/Runtime/OpenXR/Content/Devices/OculusTouch_v2/MRTexture.ubulk" 696
"../../../Engine/Plugins/Runtime/OpenXR/Content/Devices/OculusTouch_v2/MRTexture.uasset" 697
"../../../Engine/Plugins/Runtime/OpenXR/Content/Devices/OculusTouch_v2/MRTexture.uexp" 698
"../../../Engine/Plugins/Runtime/OpenXR/Content/Devices/OculusTouch_v2/MI_OculusTouch_v2.uasset" 699
"../../../Engine/Plugins/Runtime/OpenXR/Content/Devices/OculusTouch_v2/MI_OculusTouch_v2.uexp" 700
"../../../Engine/Plugins/Runtime/OpenXR/Content/Devices/OculusTouch_v2/Right/right_OculusTouch_v2Controller.uasset" 701
"../../../Engine/Plugins/Runtime/OpenXR/Content/Devices/OculusTouch_v2/Right/right_OculusTouch_v2Controller.uexp" 702
"../../../Engine/Plugins/Runtime/OpenXR/Content/Devices/OculusTouch_v2/Left/left_OculusTouch_v2Controller.uasset" 703
"../../../Engine/Plugins/Runtime/OpenXR/Content/Devices/OculusTouch_v2/Left/left_OculusTouch_v2Controller.uexp" 704
"../../../Engine/Plugins/FX/Niagara/Content/Enums/ENiagara_MassInitializationMode.uasset" 705
"../../../Engine/Plugins/FX/Niagara/Content/Enums/ENiagara_MassInitializationMode.uexp" 706
"../../../Engine/Plugins/FX/Niagara/Content/Enums/ENiagaraRandomnessMode.uasset" 707
"../../../Engine/Plugins/FX/Niagara/Content/Enums/ENiagaraRandomnessMode.uexp" 708
"../../../Engine/Plugins/FX/Niagara/Content/Enums/ENiagaraRandomnessEvaluation.uasset" 709
"../../../Engine/Plugins/FX/Niagara/Content/Enums/ENiagaraRandomnessEvaluation.uexp" 710
"../../../Engine/Plugins/FX/Niagara/Content/Functions/V2/CalculateRandomRangeInteger.uasset" 711
"../../../Engine/Plugins/FX/Niagara/Content/Functions/V2/CalculateRandomRangeInteger.uexp" 712
"../../../Engine/Plugins/FX/Niagara/Content/Enums/ENiagaraArraySamplingMode.uasset" 713
"../../../Engine/Plugins/FX/Niagara/Content/Enums/ENiagaraArraySamplingMode.uexp" 714
"../../../Engine/Plugins/FX/Niagara/Content/Enums/ENiagara_WrapClamp.uasset" 715
"../../../Engine/Plugins/FX/Niagara/Content/Enums/ENiagara_WrapClamp.uexp" 716
"../../../Engine/Plugins/FX/Niagara/Content/DynamicInputs/Arrays/SelectVectorFromArray.uasset" 717
"../../../Engine/Plugins/FX/Niagara/Content/DynamicInputs/Arrays/SelectVectorFromArray.uexp" 718
"../../../Engine/Plugins/FX/Niagara/Content/Enums/ENiagara_PositionInitializationMode.uasset" 719
"../../../Engine/Plugins/FX/Niagara/Content/Enums/ENiagara_PositionInitializationMode.uexp" 720
"../../../Engine/Plugins/FX/Niagara/Content/DynamicInputs/Multiply/Multiply_VectorByFloat.uasset" 721
"../../../Engine/Plugins/FX/Niagara/Content/DynamicInputs/Multiply/Multiply_VectorByFloat.uexp" 722
"../../../Engine/Plugins/FX/Niagara/Content/DynamicInputs/Execution/ReturnExecIndex.uasset" 723
"../../../Engine/Plugins/FX/Niagara/Content/DynamicInputs/Execution/ReturnExecIndex.uexp" 724
"../../../Engine/Plugins/FX/Niagara/Content/Functions/NormalizedExecutionIndex.uasset" 725
"../../../Engine/Plugins/FX/Niagara/Content/Functions/NormalizedExecutionIndex.uexp" 726
"../../../Engine/Plugins/FX/Niagara/Content/DynamicInputs/Execution/ReturnNormalizedExecIndex.uasset" 727
"../../../Engine/Plugins/FX/Niagara/Content/DynamicInputs/Execution/ReturnNormalizedExecIndex.uexp" 728
"../../../Engine/Plugins/FX/Niagara/Content/Enums/ENiagara_LifetimeMode.uasset" 729
"../../../Engine/Plugins/FX/Niagara/Content/Enums/ENiagara_LifetimeMode.uexp" 730
"../../../Engine/Plugins/FX/Niagara/Content/Enums/ENiagaraEmitterLifeCycleMode.uasset" 731
"../../../Engine/Plugins/FX/Niagara/Content/Enums/ENiagaraEmitterLifeCycleMode.uexp" 732
"../../../Engine/Plugins/FX/Niagara/Content/Functions/Emitter/EmitterChangeState.uasset" 733
"../../../Engine/Plugins/FX/Niagara/Content/Functions/Emitter/EmitterChangeState.uexp" 734
"../../../Engine/Plugins/FX/Niagara/Content/Enums/ENiagara_InfiniteLoopDuration.uasset" 735
"../../../Engine/Plugins/FX/Niagara/Content/Enums/ENiagara_InfiniteLoopDuration.uexp" 736
"../../../Engine/Plugins/FX/Niagara/Content/Enums/ENiagara_EmitterStateOptions.uasset" 737
"../../../Engine/Plugins/FX/Niagara/Content/Enums/ENiagara_EmitterStateOptions.uexp" 738
"../../../Engine/Plugins/FX/Niagara/Content/Enums/ENiagaraInactiveMode.uasset" 739
"../../../Engine/Plugins/FX/Niagara/Content/Enums/ENiagaraInactiveMode.uexp" 740
"../../../Engine/Plugins/FX/Niagara/Content/Enums/ENiagaraExecutionStateManagement.uasset" 741
"../../../Engine/Plugins/FX/Niagara/Content/Enums/ENiagaraExecutionStateManagement.uexp" 742
"../../../Engine/Plugins/FX/Niagara/Content/Enums/ENiagaraEmitterScalabilityMode_Limited.uasset" 743
"../../../Engine/Plugins/FX/Niagara/Content/Enums/ENiagaraEmitterScalabilityMode_Limited.uexp" 744
"../../../Engine/Plugins/FX/Niagara/Content/Modules/Emitter/EmitterState.uasset" 745
"../../../Engine/Plugins/FX/Niagara/Content/Modules/Emitter/EmitterState.uexp" 746
"../../../Engine/Plugins/FX/Niagara/Content/Functions/V2/CalculateRandomRangeFloat.uasset" 747
"../../../Engine/Plugins/FX/Niagara/Content/Functions/V2/CalculateRandomRangeFloat.uexp" 748
"../../../Engine/Plugins/FX/Niagara/Content/Modules/Emitter/SpawnBurst_Instantaneous.uasset" 749
"../../../Engine/Plugins/FX/Niagara/Content/Modules/Emitter/SpawnBurst_Instantaneous.uexp" 750
"../../../Engine/Plugins/FX/Niagara/Content/DynamicInputs/Multiply/Multiply_Vector.uasset" 751
"../../../Engine/Plugins/FX/Niagara/Content/DynamicInputs/Multiply/Multiply_Vector.uexp" 752
"../../../Engine/Plugins/FX/Niagara/Content/Functions/GetRandomInfo.uasset" 753
"../../../Engine/Plugins/FX/Niagara/Content/Functions/GetRandomInfo.uexp" 754
"../../../Engine/Plugins/FX/Niagara/Content/Functions/RandomRangeFloat.uasset" 755
"../../../Engine/Plugins/FX/Niagara/Content/Functions/RandomRangeFloat.uexp" 756
"../../../Engine/Plugins/FX/Niagara/Content/Functions/Localspace/SimulationPosition.uasset" 757
"../../../Engine/Plugins/FX/Niagara/Content/Functions/Localspace/SimulationPosition.uexp" 758
"../../../Engine/Plugins/FX/Niagara/Content/Functions/Localspace/TransformBase.uasset" 759
"../../../Engine/Plugins/FX/Niagara/Content/Functions/Localspace/TransformBase.uexp" 760
"../../../Engine/Plugins/FX/Niagara/Content/Functions/Localspace/TransformVector.uasset" 761
"../../../Engine/Plugins/FX/Niagara/Content/Functions/Localspace/TransformVector.uexp" 762
"../../../Engine/Plugins/FX/Niagara/Content/Functions/V2/CalculateRandomRange.uasset" 763
"../../../Engine/Plugins/FX/Niagara/Content/Functions/V2/CalculateRandomRange.uexp" 764
"../../../Engine/Plugins/FX/Niagara/Content/Enums/Ribbons/ENiagara_UnsetDirectSet.uasset" 765
"../../../Engine/Plugins/FX/Niagara/Content/Enums/Ribbons/ENiagara_UnsetDirectSet.uexp" 766
"../../../Engine/Plugins/FX/Niagara/Content/Enums/ENiagara_ColorInitializationMode.uasset" 767
"../../../Engine/Plugins/FX/Niagara/Content/Enums/ENiagara_ColorInitializationMode.uexp" 768
"../../../Engine/Plugins/FX/Niagara/Content/Functions/LinearColor/HueShiftLinearColor.uasset" 769
"../../../Engine/Plugins/FX/Niagara/Content/Functions/LinearColor/HueShiftLinearColor.uexp" 770
"../../../Engine/Plugins/FX/Niagara/Content/Enums/ENiagaraChannelCorrelation.uasset" 771
"../../../Engine/Plugins/FX/Niagara/Content/Enums/ENiagaraChannelCorrelation.uexp" 772
"../../../Engine/Plugins/FX/Niagara/Content/Modules/Spawn/Initialization/InitializeRibbon.uasset" 773
"../../../Engine/Plugins/FX/Niagara/Content/Modules/Spawn/Initialization/InitializeRibbon.uexp" 774
"../../../Engine/Plugins/FX/Niagara/Content/Enums/ENiagaraSystemInactiveMode.uasset" 775
"../../../Engine/Plugins/FX/Niagara/Content/Enums/ENiagaraSystemInactiveMode.uexp" 776
"../../../Engine/Plugins/FX/Niagara/Content/Functions/System/SystemChangeState.uasset" 777
"../../../Engine/Plugins/FX/Niagara/Content/Functions/System/SystemChangeState.uexp" 778
"../../../Engine/Plugins/FX/Niagara/Content/Modules/System/SystemState.uasset" 779
"../../../Engine/Plugins/FX/Niagara/Content/Modules/System/SystemState.uexp" 780
"C:/Users/alexa/Documents/GitHub/DevilutionBuild_0.2/DevilutionProject/Content/VRTemplate/VFX/NPC_VRTemplate.uasset" 781
"C:/Users/alexa/Documents/GitHub/DevilutionBuild_0.2/DevilutionProject/Content/VRTemplate/VFX/NPC_VRTemplate.uexp" 782
"../../../Engine/Content/EngineMaterials/Good64x64TilingNoiseHighFreq.uasset" 783
"../../../Engine/Content/EngineMaterials/Good64x64TilingNoiseHighFreq.uexp" 784
"../../../Engine/Content/Functions/Engine_MaterialFunctions02/Utility/DepthFromWorldPosition.uasset" 785
"../../../Engine/Content/Functions/Engine_MaterialFunctions02/Utility/DepthFromWorldPosition.uexp" 786
"C:/Users/alexa/Documents/GitHub/DevilutionBuild_0.2/DevilutionProject/Content/VRTemplate/Materials/Functions/MF_OccludedPixels.uasset" 787
"C:/Users/alexa/Documents/GitHub/DevilutionBuild_0.2/DevilutionProject/Content/VRTemplate/Materials/Functions/MF_OccludedPixels.uexp" 788
"C:/Users/alexa/Documents/GitHub/DevilutionBuild_0.2/DevilutionProject/Content/VRTemplate/Materials/M_TeleportNoise.uasset" 789
"C:/Users/alexa/Documents/GitHub/DevilutionBuild_0.2/DevilutionProject/Content/VRTemplate/Materials/M_TeleportNoise.uexp" 790
"../../../Engine/Plugins/FX/Niagara/Content/Functions/Math/SaturateFloat.uasset" 791
"../../../Engine/Plugins/FX/Niagara/Content/Functions/Math/SaturateFloat.uexp" 792
"../../../Engine/Plugins/FX/Niagara/Content/Icons/Modules/T_Icon_Particle_InfiniteLife.uasset" 793
"../../../Engine/Plugins/FX/Niagara/Content/Icons/Modules/T_Icon_Particle_InfiniteLife.uexp" 794
"../../../Engine/Plugins/FX/Niagara/Content/Modules/Update/Lifetime/ParticleState.uasset" 795
"../../../Engine/Plugins/FX/Niagara/Content/Modules/Update/Lifetime/ParticleState.uexp" 796
"C:/Users/alexa/Documents/GitHub/DevilutionBuild_0.2/DevilutionProject/Content/VRTemplate/VFX/NS_PlayAreaBounds.uasset" 797
"C:/Users/alexa/Documents/GitHub/DevilutionBuild_0.2/DevilutionProject/Content/VRTemplate/VFX/NS_PlayAreaBounds.uexp" 798
"../../../Engine/Plugins/FX/Niagara/Content/Enums/ENiagaraTorusDistributionMode.uasset" 799
"../../../Engine/Plugins/FX/Niagara/Content/Enums/ENiagaraTorusDistributionMode.uexp" 800
"../../../Engine/Plugins/FX/Niagara/Content/Enums/ENiagaraTorusMode.uasset" 801
"../../../Engine/Plugins/FX/Niagara/Content/Enums/ENiagaraTorusMode.uexp" 802
"../../../Engine/Plugins/FX/Niagara/Content/Enums/ENiagara_SizeScaleMode.uasset" 803
"../../../Engine/Plugins/FX/Niagara/Content/Enums/ENiagara_SizeScaleMode.uexp" 804
"../../../Engine/Plugins/FX/Niagara/Content/Enums/ENiagara_UVFlippingMode.uasset" 805
"../../../Engine/Plugins/FX/Niagara/Content/Enums/ENiagara_UVFlippingMode.uexp" 806
"../../../Engine/Plugins/FX/Niagara/Content/Enums/Ribbons/ENiagara_UnsetDirectSetRandom.uasset" 807
"../../../Engine/Plugins/FX/Niagara/Content/Enums/Ribbons/ENiagara_UnsetDirectSetRandom.uexp" 808
"../../../Engine/Plugins/FX/Niagara/Content/Functions/V2/CalculateRandomBool.uasset" 809
"../../../Engine/Plugins/FX/Niagara/Content/Functions/V2/CalculateRandomBool.uexp" 810
"../../../Engine/Plugins/FX/Niagara/Content/Enums/ENiagara_SpriteRotationMode.uasset" 811
"../../../Engine/Plugins/FX/Niagara/Content/Enums/ENiagara_SpriteRotationMode.uexp" 812
"../../../Engine/Plugins/FX/Niagara/Content/Modules/Spawn/Initialization/V2/InitializeParticle.uasset" 813
"../../../Engine/Plugins/FX/Niagara/Content/Modules/Spawn/Initialization/V2/InitializeParticle.uexp" 814
"C:/Users/alexa/Documents/GitHub/DevilutionBuild_0.2/DevilutionProject/Content/VRTemplate/Materials/M_TeleportCylinder.uasset" 815
"C:/Users/alexa/Documents/GitHub/DevilutionBuild_0.2/DevilutionProject/Content/VRTemplate/Materials/M_TeleportCylinder.uexp" 816
"../../../Engine/Content/BasicShapes/Cylinder.uasset" 817
"../../../Engine/Content/BasicShapes/Cylinder.uexp" 818
"../../../Engine/Plugins/FX/Niagara/Content/Functions/DirectionAndLengthSafe.uasset" 819
"../../../Engine/Plugins/FX/Niagara/Content/Functions/DirectionAndLengthSafe.uexp" 820
"../../../Engine/Plugins/FX/Niagara/Content/Functions/Rotation/MultiplyVectorWithQuaternion.uasset" 821
"../../../Engine/Plugins/FX/Niagara/Content/Functions/Rotation/MultiplyVectorWithQuaternion.uexp" 822
"../../../Engine/Plugins/FX/Niagara/Content/Functions/Rotation/MultiplyQuaternion.uasset" 823
"../../../Engine/Plugins/FX/Niagara/Content/Functions/Rotation/MultiplyQuaternion.uexp" 824
"../../../Engine/Plugins/FX/Niagara/Content/Functions/Rotation/FindQuatBetween.uasset" 825
"../../../Engine/Plugins/FX/Niagara/Content/Functions/Rotation/FindQuatBetween.uexp" 826
"../../../Engine/Plugins/FX/Niagara/Content/Functions/RandomRange.uasset" 827
"../../../Engine/Plugins/FX/Niagara/Content/Functions/RandomRange.uexp" 828
"../../../Engine/Plugins/FX/Niagara/Content/Enums/ENiagaraVector4_Channels.uasset" 829
"../../../Engine/Plugins/FX/Niagara/Content/Enums/ENiagaraVector4_Channels.uexp" 830
"../../../Engine/Plugins/FX/Niagara/Content/Functions/ChannelMasks/SelectV4Channel.uasset" 831
"../../../Engine/Plugins/FX/Niagara/Content/Functions/ChannelMasks/SelectV4Channel.uexp" 832
"../../../Engine/Plugins/FX/Niagara/Content/Functions/Localspace/PositionToVector.uasset" 833
"../../../Engine/Plugins/FX/Niagara/Content/Functions/Localspace/PositionToVector.uexp" 834
"../../../Engine/Plugins/FX/Niagara/Content/Functions/ParametricTorusKnot.uasset" 835
"../../../Engine/Plugins/FX/Niagara/Content/Functions/ParametricTorusKnot.uexp" 836
"../../../Engine/Plugins/FX/Niagara/Content/Functions/PolarToCartesianCoordinates.uasset" 837
"../../../Engine/Plugins/FX/Niagara/Content/Functions/PolarToCartesianCoordinates.uexp" 838
"../../../Engine/Plugins/FX/Niagara/Content/Functions/ParametricTorus.uasset" 839
"../../../Engine/Plugins/FX/Niagara/Content/Functions/ParametricTorus.uexp" 840
"../../../Engine/Plugins/FX/Niagara/Content/Functions/Rotation/AxisAngleToQuaternion.uasset" 841
"../../../Engine/Plugins/FX/Niagara/Content/Functions/Rotation/AxisAngleToQuaternion.uexp" 842
"../../../Engine/Plugins/FX/Niagara/Content/Modules/Spawn/Location/TorusLocation.uasset" 843
"../../../Engine/Plugins/FX/Niagara/Content/Modules/Spawn/Location/TorusLocation.uexp" 844
"C:/Users/alexa/Documents/GitHub/DevilutionBuild_0.2/DevilutionProject/Content/VRTemplate/VFX/NS_TeleportRing.uasset" 845
"C:/Users/alexa/Documents/GitHub/DevilutionBuild_0.2/DevilutionProject/Content/VRTemplate/VFX/NS_TeleportRing.uexp" 846
"C:/Users/alexa/Documents/GitHub/DevilutionBuild_0.2/DevilutionProject/Content/VRTemplate/Blueprints/VRTeleportVisualizer.uasset" 847
"C:/Users/alexa/Documents/GitHub/DevilutionBuild_0.2/DevilutionProject/Content/VRTemplate/Blueprints/VRTeleportVisualizer.uexp" 848
"../../../Engine/Plugins/FX/Niagara/Content/DynamicInputs/Helpers/SimulationPosition.uasset" 849
"../../../Engine/Plugins/FX/Niagara/Content/DynamicInputs/Helpers/SimulationPosition.uexp" 850
"../../../Engine/Plugins/FX/Niagara/Content/Functions/Localspace/TransformPosition.uasset" 851
"../../../Engine/Plugins/FX/Niagara/Content/Functions/Localspace/TransformPosition.uexp" 852
"../../../Engine/Plugins/FX/Niagara/Content/Modules/Beams/BeamEmitterSetup.uasset" 853
"../../../Engine/Plugins/FX/Niagara/Content/Modules/Beams/BeamEmitterSetup.uexp" 854
"../../../Engine/Plugins/FX/Niagara/Content/Modules/Spawn/Initialization/InitializeParticle.uasset" 855
"../../../Engine/Plugins/FX/Niagara/Content/Modules/Spawn/Initialization/InitializeParticle.uexp" 856
"../../../Engine/Plugins/FX/Niagara/Content/Icons/Modules/T_Icon_Solver_LimitSpeed.uasset" 857
"../../../Engine/Plugins/FX/Niagara/Content/Icons/Modules/T_Icon_Solver_LimitSpeed.uexp" 858
"../../../Engine/Plugins/FX/Niagara/Content/Modules/Solvers/ApplyRotationVector.uasset" 859
"../../../Engine/Plugins/FX/Niagara/Content/Modules/Solvers/ApplyRotationVector.uexp" 860
"../../../Engine/Plugins/FX/Niagara/Content/Icons/Modules/T_Icon_Solver_RotationalSolve.uasset" 861
"../../../Engine/Plugins/FX/Niagara/Content/Icons/Modules/T_Icon_Solver_RotationalSolve.uexp" 862
"../../../Engine/Plugins/FX/Niagara/Content/Icons/Modules/T_Icon_Solver_LimitAccel.uasset" 863
"../../../Engine/Plugins/FX/Niagara/Content/Icons/Modules/T_Icon_Solver_LimitAccel.uexp" 864
"../../../Engine/Plugins/FX/Niagara/Content/Modules/Solvers/SolveForcesAndVelocity.uasset" 865
"../../../Engine/Plugins/FX/Niagara/Content/Modules/Solvers/SolveForcesAndVelocity.uexp" 866
"../../../Engine/Plugins/FX/Niagara/Content/Functions/Spline/FindPositionOnBezierSpline.uasset" 867
"../../../Engine/Plugins/FX/Niagara/Content/Functions/Spline/FindPositionOnBezierSpline.uexp" 868
"../../../Engine/Plugins/FX/Niagara/Content/Modules/Beams/SpawnBeam.uasset" 869
"../../../Engine/Plugins/FX/Niagara/Content/Modules/Beams/SpawnBeam.uexp" 870
"../../../Engine/Plugins/FX/Niagara/Content/Modules/Beams/BeamWidth.uasset" 871
"../../../Engine/Plugins/FX/Niagara/Content/Modules/Beams/BeamWidth.uexp" 872
"C:/Users/alexa/Documents/GitHub/DevilutionBuild_0.2/DevilutionProject/Content/VRTemplate/Materials/DefaultRibbonMaterial_NoGradient.uasset" 873
"C:/Users/alexa/Documents/GitHub/DevilutionBuild_0.2/DevilutionProject/Content/VRTemplate/Materials/DefaultRibbonMaterial_NoGradient.uexp" 874
"../../../Engine/Plugins/FX/Niagara/Content/DynamicInputs/ValueFromCurve/FloatFromCurve.uasset" 875
"../../../Engine/Plugins/FX/Niagara/Content/DynamicInputs/ValueFromCurve/FloatFromCurve.uexp" 876
"../../../Engine/Plugins/FX/Niagara/Content/Modules/Update/Color/Color.uasset" 877
"../../../Engine/Plugins/FX/Niagara/Content/Modules/Update/Color/Color.uexp" 878
"../../../Engine/Plugins/FX/Niagara/Content/DynamicInputs/ValueFromCurve/ColorFromCurve.uasset" 879
"../../../Engine/Plugins/FX/Niagara/Content/DynamicInputs/ValueFromCurve/ColorFromCurve.uexp" 880
"C:/Users/alexa/Documents/GitHub/DevilutionBuild_0.2/DevilutionProject/Content/VRTemplate/VFX/NS_TeleportTrace.uasset" 881
"C:/Users/alexa/Documents/GitHub/DevilutionBuild_0.2/DevilutionProject/Content/VRTemplate/VFX/NS_TeleportTrace.uexp" 882
"../../../Engine/Content/VREditor/Devices/Generic/GenericHMDMaterial.uasset" 883
"../../../Engine/Content/VREditor/Devices/Generic/GenericHMDMaterial.uexp" 884
"../../../Engine/Content/VREditor/Devices/Generic/GenericHMD.uasset" 885
"../../../Engine/Content/VREditor/Devices/Generic/GenericHMD.uexp" 886
"C:/Users/alexa/Documents/GitHub/DevilutionBuild_0.2/DevilutionProject/Content/VRTemplate/VFX/NS_MenuLaser.uasset" 887
"C:/Users/alexa/Documents/GitHub/DevilutionBuild_0.2/DevilutionProject/Content/VRTemplate/VFX/NS_MenuLaser.uexp" 888
"C:/Users/alexa/Documents/GitHub/DevilutionBuild_0.2/DevilutionProject/Content/VRTemplate/Blueprints/WidgetMenu.uasset" 889
"C:/Users/alexa/Documents/GitHub/DevilutionBuild_0.2/DevilutionProject/Content/VRTemplate/Blueprints/WidgetMenu.uexp" 890
"../../../Engine/Content/BasicShapes/Sphere.uasset" 891
"../../../Engine/Content/BasicShapes/Sphere.uexp" 892
"C:/Users/alexa/Documents/GitHub/DevilutionBuild_0.2/DevilutionProject/Content/VRTemplate/Materials/M_VRCursor.uasset" 893
"C:/Users/alexa/Documents/GitHub/DevilutionBuild_0.2/DevilutionProject/Content/VRTemplate/Materials/M_VRCursor.uexp" 894
"C:/Users/alexa/Documents/GitHub/DevilutionBuild_0.2/DevilutionProject/Content/VRTemplate/Blueprints/Menu.uasset" 895
"C:/Users/alexa/Documents/GitHub/DevilutionBuild_0.2/DevilutionProject/Content/VRTemplate/Blueprints/Menu.uexp" 896
"C:/Users/alexa/Documents/GitHub/DevilutionBuild_0.2/DevilutionProject/Content/VRTemplate/Blueprints/VRPawn.uasset" 897
"C:/Users/alexa/Documents/GitHub/DevilutionBuild_0.2/DevilutionProject/Content/VRTemplate/Blueprints/VRPawn.uexp" 898
"C:/Users/alexa/Documents/GitHub/DevilutionBuild_0.2/DevilutionProject/Content/VRTemplate/Blueprints/VRGameMode.uasset" 899
"C:/Users/alexa/Documents/GitHub/DevilutionBuild_0.2/DevilutionProject/Content/VRTemplate/Blueprints/VRGameMode.uexp" 900
"../../../Engine/Content/BasicShapes/BasicShapeMaterial.uasset" 901
"../../../Engine/Content/BasicShapes/BasicShapeMaterial.uexp" 902
"../../../Engine/Content/VREditor/BasicMeshes/MI_Ball_01.uasset" 903
"../../../Engine/Content/VREditor/BasicMeshes/MI_Ball_01.uexp" 904
"../../../Engine/Content/VREditor/BasicMeshes/SM_Ball_01.uasset" 905
"../../../Engine/Content/VREditor/BasicMeshes/SM_Ball_01.uexp" 906
"C:/Users/alexa/Documents/GitHub/DevilutionBuild_0.2/DevilutionProject/Content/VRTemplate/Audio/Fire01.ubulk" 907
"C:/Users/alexa/Documents/GitHub/DevilutionBuild_0.2/DevilutionProject/Content/VRTemplate/Audio/Fire01.uasset" 908
"C:/Users/alexa/Documents/GitHub/DevilutionBuild_0.2/DevilutionProject/Content/VRTemplate/Audio/Fire01.uexp" 909
"C:/Users/alexa/Documents/GitHub/DevilutionBuild_0.2/DevilutionProject/Content/VRTemplate/Audio/Fire_Cue.uasset" 910
"C:/Users/alexa/Documents/GitHub/DevilutionBuild_0.2/DevilutionProject/Content/VRTemplate/Audio/Fire_Cue.uexp" 911
"C:/Users/alexa/Documents/GitHub/DevilutionBuild_0.2/DevilutionProject/Content/FPWeapon/Mesh/SK_FPGun_Skeleton.uasset" 912
"C:/Users/alexa/Documents/GitHub/DevilutionBuild_0.2/DevilutionProject/Content/FPWeapon/Mesh/SK_FPGun_Skeleton.uexp" 913
"C:/Users/alexa/Documents/GitHub/DevilutionBuild_0.2/DevilutionProject/Content/FPWeapon/Materials/MaterialLayers/T_ML_Rubber_Blue_01_D.ubulk" 914
"C:/Users/alexa/Documents/GitHub/DevilutionBuild_0.2/DevilutionProject/Content/FPWeapon/Materials/MaterialLayers/T_ML_Rubber_Blue_01_D.uasset" 915
"C:/Users/alexa/Documents/GitHub/DevilutionBuild_0.2/DevilutionProject/Content/FPWeapon/Materials/MaterialLayers/T_ML_Rubber_Blue_01_D.uexp" 916
"C:/Users/alexa/Documents/GitHub/DevilutionBuild_0.2/DevilutionProject/Content/FPWeapon/Textures/T_FPGun_N.ubulk" 917
"C:/Users/alexa/Documents/GitHub/DevilutionBuild_0.2/DevilutionProject/Content/FPWeapon/Textures/T_FPGun_N.uasset" 918
"C:/Users/alexa/Documents/GitHub/DevilutionBuild_0.2/DevilutionProject/Content/FPWeapon/Textures/T_FPGun_N.uexp" 919
"../../../Engine/Content/Functions/Engine_MaterialFunctions02/Utility/BlendAngleCorrectedNormals.uasset" 920
"../../../Engine/Content/Functions/Engine_MaterialFunctions02/Utility/BlendAngleCorrectedNormals.uexp" 921
"../../../Engine/Content/Functions/MaterialLayerFunctions/MatLayerBlend_NormalBlend.uasset" 922
"../../../Engine/Content/Functions/MaterialLayerFunctions/MatLayerBlend_NormalBlend.uexp" 923
"C:/Users/alexa/Documents/GitHub/DevilutionBuild_0.2/DevilutionProject/Content/FPWeapon/Materials/MaterialLayers/T_ML_Rubber_Blue_01_N.ubulk" 924
"C:/Users/alexa/Documents/GitHub/DevilutionBuild_0.2/DevilutionProject/Content/FPWeapon/Materials/MaterialLayers/T_ML_Rubber_Blue_01_N.uasset" 925
"C:/Users/alexa/Documents/GitHub/DevilutionBuild_0.2/DevilutionProject/Content/FPWeapon/Materials/MaterialLayers/T_ML_Rubber_Blue_01_N.uexp" 926
"C:/Users/alexa/Documents/GitHub/DevilutionBuild_0.2/DevilutionProject/Content/FPWeapon/Materials/MaterialLayers/ML_Screen.uasset" 927
"C:/Users/alexa/Documents/GitHub/DevilutionBuild_0.2/DevilutionProject/Content/FPWeapon/Materials/MaterialLayers/ML_Screen.uexp" 928
"C:/Users/alexa/Documents/GitHub/DevilutionBuild_0.2/DevilutionProject/Content/FPWeapon/Materials/MaterialLayers/T_ML_Aluminum01_N.ubulk" 929
"C:/Users/alexa/Documents/GitHub/DevilutionBuild_0.2/DevilutionProject/Content/FPWeapon/Materials/MaterialLayers/T_ML_Aluminum01_N.uasset" 930
"C:/Users/alexa/Documents/GitHub/DevilutionBuild_0.2/DevilutionProject/Content/FPWeapon/Materials/MaterialLayers/T_ML_Aluminum01_N.uexp" 931
"C:/Users/alexa/Documents/GitHub/DevilutionBuild_0.2/DevilutionProject/Content/FPWeapon/Materials/MaterialLayers/T_ML_Aluminum01.ubulk" 932
"C:/Users/alexa/Documents/GitHub/DevilutionBuild_0.2/DevilutionProject/Content/FPWeapon/Materials/MaterialLayers/T_ML_Aluminum01.uasset" 933
"C:/Users/alexa/Documents/GitHub/DevilutionBuild_0.2/DevilutionProject/Content/FPWeapon/Materials/MaterialLayers/T_ML_Aluminum01.uexp" 934
"C:/Users/alexa/Documents/GitHub/DevilutionBuild_0.2/DevilutionProject/Content/FPWeapon/Materials/MaterialLayers/ML_SoftMetal_UE4.uasset" 935
"C:/Users/alexa/Documents/GitHub/DevilutionBuild_0.2/DevilutionProject/Content/FPWeapon/Materials/MaterialLayers/ML_SoftMetal_UE4.uexp" 936
"../../../Engine/Content/Functions/MaterialLayerFunctions/MatLayerBlend_Simple.uasset" 937
"../../../Engine/Content/Functions/MaterialLayerFunctions/MatLayerBlend_Simple.uexp" 938
"C:/Users/alexa/Documents/GitHub/DevilutionBuild_0.2/DevilutionProject/Content/FPWeapon/Textures/T_FPGun_M.ubulk" 939
"C:/Users/alexa/Documents/GitHub/DevilutionBuild_0.2/DevilutionProject/Content/FPWeapon/Textures/T_FPGun_M.uasset" 940
"C:/Users/alexa/Documents/GitHub/DevilutionBuild_0.2/DevilutionProject/Content/FPWeapon/Textures/T_FPGun_M.uexp" 941
"C:/Users/alexa/Documents/GitHub/DevilutionBuild_0.2/DevilutionProject/Content/FPWeapon/Materials/MaterialLayers/ML_Plastic_Shiny_Beige.uasset" 942
"C:/Users/alexa/Documents/GitHub/DevilutionBuild_0.2/DevilutionProject/Content/FPWeapon/Materials/MaterialLayers/ML_Plastic_Shiny_Beige.uexp" 943
"C:/Users/alexa/Documents/GitHub/DevilutionBuild_0.2/DevilutionProject/Content/FPWeapon/Materials/MaterialLayers/ML_GlossyBlack_Latex_UE4.uasset" 944
"C:/Users/alexa/Documents/GitHub/DevilutionBuild_0.2/DevilutionProject/Content/FPWeapon/Materials/MaterialLayers/ML_GlossyBlack_Latex_UE4.uexp" 945
"C:/Users/alexa/Documents/GitHub/DevilutionBuild_0.2/DevilutionProject/Content/FPWeapon/Materials/M_FPGun.uasset" 946
"C:/Users/alexa/Documents/GitHub/DevilutionBuild_0.2/DevilutionProject/Content/FPWeapon/Materials/M_FPGun.uexp" 947
"C:/Users/alexa/Documents/GitHub/DevilutionBuild_0.2/DevilutionProject/Content/FPWeapon/Mesh/SK_FPGun_Physics.uasset" 948
"C:/Users/alexa/Documents/GitHub/DevilutionBuild_0.2/DevilutionProject/Content/FPWeapon/Mesh/SK_FPGun_Physics.uexp" 949
"C:/Users/alexa/Documents/GitHub/DevilutionBuild_0.2/DevilutionProject/Content/FPWeapon/Mesh/SK_FPGun.uasset" 950
"C:/Users/alexa/Documents/GitHub/DevilutionBuild_0.2/DevilutionProject/Content/FPWeapon/Mesh/SK_FPGun.uexp" 951
"C:/Users/alexa/Documents/GitHub/DevilutionBuild_0.2/DevilutionProject/Content/VRTemplate/Haptics/PistolFireHapticEffect.uasset" 952
"C:/Users/alexa/Documents/GitHub/DevilutionBuild_0.2/DevilutionProject/Content/VRTemplate/Haptics/PistolFireHapticEffect.uexp" 953
"C:/Users/alexa/Documents/GitHub/DevilutionBuild_0.2/DevilutionProject/Content/VRTemplate/Materials/M_Projectile.uasset" 954
"C:/Users/alexa/Documents/GitHub/DevilutionBuild_0.2/DevilutionProject/Content/VRTemplate/Materials/M_Projectile.uexp" 955
"C:/Users/alexa/Documents/GitHub/DevilutionBuild_0.2/DevilutionProject/Content/VRTemplate/Materials/MI_Projectile.uasset" 956
"C:/Users/alexa/Documents/GitHub/DevilutionBuild_0.2/DevilutionProject/Content/VRTemplate/Materials/MI_Projectile.uexp" 957
"C:/Users/alexa/Documents/GitHub/DevilutionBuild_0.2/DevilutionProject/Content/VRTemplate/Blueprints/Projectile.uasset" 958
"C:/Users/alexa/Documents/GitHub/DevilutionBuild_0.2/DevilutionProject/Content/VRTemplate/Blueprints/Projectile.uexp" 959
"C:/Users/alexa/Documents/GitHub/DevilutionBuild_0.2/DevilutionProject/Content/VRTemplate/Blueprints/Pistol.uasset" 960
"C:/Users/alexa/Documents/GitHub/DevilutionBuild_0.2/DevilutionProject/Content/VRTemplate/Blueprints/Pistol.uexp" 961
"C:/Users/alexa/Documents/GitHub/DevilutionBuild_0.2/DevilutionProject/Content/VRSpectator/RT_VRSpectator.uasset" 962
"C:/Users/alexa/Documents/GitHub/DevilutionBuild_0.2/DevilutionProject/Content/VRSpectator/RT_VRSpectator.uexp" 963
"../../../Engine/Content/EditorResources/MatineeCam_D.uasset" 964
"../../../Engine/Content/EditorResources/MatineeCam_D.uexp" 965
"../../../Engine/Content/EditorMaterials/MatineeCam_mat.uasset" 966
"../../../Engine/Content/EditorMaterials/MatineeCam_mat.uexp" 967
"../../../Engine/Content/EditorMeshes/MatineeCam_SM.uasset" 968
"../../../Engine/Content/EditorMeshes/MatineeCam_SM.uexp" 969
"C:/Users/alexa/Documents/GitHub/DevilutionBuild_0.2/DevilutionProject/Content/VRSpectator/EVRSpectatorMode.uasset" 970
"C:/Users/alexa/Documents/GitHub/DevilutionBuild_0.2/DevilutionProject/Content/VRSpectator/EVRSpectatorMode.uexp" 971
"C:/Users/alexa/Documents/GitHub/DevilutionBuild_0.2/DevilutionProject/Content/VRSpectator/VRSpectator.uasset" 972
"C:/Users/alexa/Documents/GitHub/DevilutionBuild_0.2/DevilutionProject/Content/VRSpectator/VRSpectator.uexp" 973
"C:/Users/alexa/Documents/GitHub/DevilutionBuild_0.2/DevilutionProject/Content/VRTemplate/Maps/VRTemplateMap_BuiltData.ubulk" 974
"C:/Users/alexa/Documents/GitHub/DevilutionBuild_0.2/DevilutionProject/Content/VRTemplate/Maps/VRTemplateMap_BuiltData.uasset" 975
"C:/Users/alexa/Documents/GitHub/DevilutionBuild_0.2/DevilutionProject/Content/VRTemplate/Maps/VRTemplateMap_BuiltData.uexp" 976
"C:/Users/alexa/Documents/GitHub/DevilutionBuild_0.2/DevilutionProject/Content/VRTemplate/Maps/VRTemplateMap.uexp" 977
"C:/Users/alexa/Documents/GitHub/DevilutionBuild_0.2/DevilutionProject/Content/VRTemplate/Maps/VRTemplateMap.umap" 978
"../../../Engine/Content/Maps/Entry_BuiltData.uasset" 979
"../../../Engine/Content/Maps/Entry_BuiltData.uexp" 980
"../../../Engine/Content/Maps/Entry.uexp" 981
"../../../Engine/Content/Maps/Entry.umap" 982
